[0.019s] Invoking command in '/home/kwaii/zpm/build/tuna': CMAKE_PREFIX_PATH=${CMAKE_PREFIX_PATH}:/opt/ros/humble /usr/bin/cmake --build /home/kwaii/zpm/build/tuna -- -j8 -l8
[0.058s] -- Found ament_cmake: 1.3.12 (/opt/ros/humble/share/ament_cmake/cmake)
[0.225s] -- Found ament_lint_auto: 0.12.14 (/opt/ros/humble/share/ament_lint_auto/cmake)
[0.326s] -- Added test 'cppcheck' to perform static code analysis on C / C++ code
[0.326s] -- Configured cppcheck include dirs: 
[0.326s] -- Configured cppcheck exclude dirs and/or files: 
[0.326s] -- Added test 'flake8' to check Python code syntax and style conventions
[0.327s] -- Added test 'lint_cmake' to check CMake code style
[0.328s] -- Added test 'pep257' to check Python code against some of the docstring style conventions in PEP 257
[0.331s] -- Added test 'uncrustify' to check C / C++ code style
[0.331s] -- Configured uncrustify additional arguments: 
[0.331s] -- Added test 'xmllint' to check XML markup files
[0.332s] -- Configuring done
[0.336s] -- Generating done
[0.339s] -- Build files have been written to: /home/kwaii/zpm/build/tuna
[0.383s] Invoked command in '/home/kwaii/zpm/build/tuna' returned '0': CMAKE_PREFIX_PATH=${CMAKE_PREFIX_PATH}:/opt/ros/humble /usr/bin/cmake --build /home/kwaii/zpm/build/tuna -- -j8 -l8
[0.404s] Invoking command in '/home/kwaii/zpm/build/tuna': CMAKE_PREFIX_PATH=${CMAKE_PREFIX_PATH}:/opt/ros/humble /usr/bin/cmake --install /home/kwaii/zpm/build/tuna
[0.416s] -- Install configuration: ""
[0.416s] -- Installing: /home/kwaii/zpm/install/tuna/share/tuna/launch
[0.416s] -- Installing: /home/kwaii/zpm/install/tuna/share/tuna/launch/sim.launch.py
[0.416s] -- Installing: /home/kwaii/zpm/install/tuna/share/tuna/launch/robot.launch.py
[0.416s] -- Installing: /home/kwaii/zpm/install/tuna/share/tuna/urdf
[0.416s] -- Installing: /home/kwaii/zpm/install/tuna/share/tuna/urdf/zpm_robot.urdf.xacro
[0.417s] -- Installing: /home/kwaii/zpm/install/tuna/share/tuna/worlds
[0.417s] -- Installing: /home/kwaii/zpm/install/tuna/share/tuna/worlds/simWorld.sdf
[0.417s] -- Up-to-date: /home/kwaii/zpm/install/tuna/share/ament_index/resource_index/package_run_dependencies/tuna
[0.418s] -- Installing: /home/kwaii/zpm/install/tuna/share/ament_index/resource_index/parent_prefix_path/tuna
[0.418s] -- Up-to-date: /home/kwaii/zpm/install/tuna/share/tuna/environment/ament_prefix_path.sh
[0.419s] -- Installing: /home/kwaii/zpm/install/tuna/share/tuna/environment/ament_prefix_path.dsv
[0.419s] -- Up-to-date: /home/kwaii/zpm/install/tuna/share/tuna/environment/path.sh
[0.419s] -- Installing: /home/kwaii/zpm/install/tuna/share/tuna/environment/path.dsv
[0.419s] -- Up-to-date: /home/kwaii/zpm/install/tuna/share/tuna/local_setup.bash
[0.420s] -- Up-to-date: /home/kwaii/zpm/install/tuna/share/tuna/local_setup.sh
[0.420s] -- Up-to-date: /home/kwaii/zpm/install/tuna/share/tuna/local_setup.zsh
[0.420s] -- Installing: /home/kwaii/zpm/install/tuna/share/tuna/local_setup.dsv
[0.420s] -- Installing: /home/kwaii/zpm/install/tuna/share/tuna/package.dsv
[0.421s] -- Up-to-date: /home/kwaii/zpm/install/tuna/share/ament_index/resource_index/packages/tuna
[0.421s] -- Up-to-date: /home/kwaii/zpm/install/tuna/share/tuna/cmake/tunaConfig.cmake
[0.422s] -- Up-to-date: /home/kwaii/zpm/install/tuna/share/tuna/cmake/tunaConfig-version.cmake
[0.422s] -- Up-to-date: /home/kwaii/zpm/install/tuna/share/tuna/package.xml
[0.423s] Invoked command in '/home/kwaii/zpm/build/tuna' returned '0': CMAKE_PREFIX_PATH=${CMAKE_PREFIX_PATH}:/opt/ros/humble /usr/bin/cmake --install /home/kwaii/zpm/build/tuna
