[0.380s] DEBUG:colcon:Command line arguments: ['/home/kwaii/.local/bin/colcon', 'build', '--packages-select', 'tuna']
[0.380s] DEBUG:colcon:Parsed command line arguments: Namespace(log_base=None, log_level=None, verb_name='build', build_base='build', install_base='install', merge_install=False, symlink_install=False, test_result_base=None, continue_on_error=False, executor='parallel', parallel_workers=8, event_handlers=None, ignore_user_meta=False, metas=['./colcon.meta'], base_paths=['.'], packages_ignore=None, packages_ignore_regex=None, paths=None, packages_up_to=None, packages_up_to_regex=None, packages_above=None, packages_above_and_dependencies=None, packages_above_depth=None, packages_select_by_dep=None, packages_skip_by_dep=None, packages_skip_up_to=None, packages_select_build_failed=False, packages_skip_build_finished=False, packages_select_test_failures=False, packages_skip_test_passed=False, packages_select=['tuna'], packages_skip=None, packages_select_regex=None, packages_skip_regex=None, packages_start=None, packages_end=None, cmake_args=None, cmake_target=None, cmake_target_skip_unavailable=False, cmake_clean_cache=False, cmake_clean_first=False, cmake_force_configure=False, ament_cmake_args=None, catkin_cmake_args=None, catkin_skip_building_tests=False, verb_parser=<colcon_defaults.argument_parser.defaults.DefaultArgumentsDecorator object at 0x7bb06830f160>, verb_extension=<colcon_core.verb.build.BuildVerb object at 0x7bb06840ab60>, main=<bound method BuildVerb.main of <colcon_core.verb.build.BuildVerb object at 0x7bb06840ab60>>)
[0.785s] Level 1:colcon.colcon_core.package_discovery:discover_packages(colcon_meta) check parameters
[0.786s] Level 1:colcon.colcon_core.package_discovery:discover_packages(recursive) check parameters
[0.786s] Level 1:colcon.colcon_core.package_discovery:discover_packages(ignore) check parameters
[0.786s] Level 1:colcon.colcon_core.package_discovery:discover_packages(path) check parameters
[0.786s] Level 1:colcon.colcon_core.package_discovery:discover_packages(colcon_meta) discover
[0.786s] Level 1:colcon.colcon_core.package_discovery:discover_packages(recursive) discover
[0.786s] INFO:colcon.colcon_core.package_discovery:Crawling recursively for packages in '/home/kwaii/zpm'
[0.786s] Level 1:colcon.colcon_core.package_identification:_identify(.) by extensions ['ignore', 'ignore_ament_install']
[0.786s] Level 1:colcon.colcon_core.package_identification:_identify(.) by extension 'ignore'
[0.786s] Level 1:colcon.colcon_core.package_identification:_identify(.) by extension 'ignore_ament_install'
[0.786s] Level 1:colcon.colcon_core.package_identification:_identify(.) by extensions ['colcon_pkg']
[0.786s] Level 1:colcon.colcon_core.package_identification:_identify(.) by extension 'colcon_pkg'
[0.786s] Level 1:colcon.colcon_core.package_identification:_identify(.) by extensions ['colcon_meta']
[0.786s] Level 1:colcon.colcon_core.package_identification:_identify(.) by extension 'colcon_meta'
[0.786s] Level 1:colcon.colcon_core.package_identification:_identify(.) by extensions ['ros']
[0.786s] Level 1:colcon.colcon_core.package_identification:_identify(.) by extension 'ros'
[0.807s] Level 1:colcon.colcon_core.package_identification:_identify(.) by extensions ['cmake', 'python']
[0.807s] Level 1:colcon.colcon_core.package_identification:_identify(.) by extension 'cmake'
[0.807s] Level 1:colcon.colcon_core.package_identification:_identify(.) by extension 'python'
[0.807s] Level 1:colcon.colcon_core.package_identification:_identify(.) by extensions ['python_setup_py']
[0.807s] Level 1:colcon.colcon_core.package_identification:_identify(.) by extension 'python_setup_py'
[0.807s] Level 1:colcon.colcon_core.package_identification:_identify(build) by extensions ['ignore', 'ignore_ament_install']
[0.807s] Level 1:colcon.colcon_core.package_identification:_identify(build) by extension 'ignore'
[0.807s] Level 1:colcon.colcon_core.package_identification:_identify(build) ignored
[0.808s] Level 1:colcon.colcon_core.package_identification:_identify(install) by extensions ['ignore', 'ignore_ament_install']
[0.808s] Level 1:colcon.colcon_core.package_identification:_identify(install) by extension 'ignore'
[0.808s] Level 1:colcon.colcon_core.package_identification:_identify(install) ignored
[0.808s] Level 1:colcon.colcon_core.package_identification:_identify(log) by extensions ['ignore', 'ignore_ament_install']
[0.808s] Level 1:colcon.colcon_core.package_identification:_identify(log) by extension 'ignore'
[0.808s] Level 1:colcon.colcon_core.package_identification:_identify(log) ignored
[0.808s] Level 1:colcon.colcon_core.package_identification:_identify(src) by extensions ['ignore', 'ignore_ament_install']
[0.808s] Level 1:colcon.colcon_core.package_identification:_identify(src) by extension 'ignore'
[0.808s] Level 1:colcon.colcon_core.package_identification:_identify(src) by extension 'ignore_ament_install'
[0.808s] Level 1:colcon.colcon_core.package_identification:_identify(src) by extensions ['colcon_pkg']
[0.808s] Level 1:colcon.colcon_core.package_identification:_identify(src) by extension 'colcon_pkg'
[0.808s] Level 1:colcon.colcon_core.package_identification:_identify(src) by extensions ['colcon_meta']
[0.808s] Level 1:colcon.colcon_core.package_identification:_identify(src) by extension 'colcon_meta'
[0.808s] Level 1:colcon.colcon_core.package_identification:_identify(src) by extensions ['ros']
[0.809s] Level 1:colcon.colcon_core.package_identification:_identify(src) by extension 'ros'
[0.809s] Level 1:colcon.colcon_core.package_identification:_identify(src) by extensions ['cmake', 'python']
[0.809s] Level 1:colcon.colcon_core.package_identification:_identify(src) by extension 'cmake'
[0.809s] Level 1:colcon.colcon_core.package_identification:_identify(src) by extension 'python'
[0.809s] Level 1:colcon.colcon_core.package_identification:_identify(src) by extensions ['python_setup_py']
[0.809s] Level 1:colcon.colcon_core.package_identification:_identify(src) by extension 'python_setup_py'
[0.809s] Level 1:colcon.colcon_core.package_identification:_identify(src/cv_server) by extensions ['ignore', 'ignore_ament_install']
[0.809s] Level 1:colcon.colcon_core.package_identification:_identify(src/cv_server) by extension 'ignore'
[0.809s] Level 1:colcon.colcon_core.package_identification:_identify(src/cv_server) by extension 'ignore_ament_install'
[0.809s] Level 1:colcon.colcon_core.package_identification:_identify(src/cv_server) by extensions ['colcon_pkg']
[0.809s] Level 1:colcon.colcon_core.package_identification:_identify(src/cv_server) by extension 'colcon_pkg'
[0.809s] Level 1:colcon.colcon_core.package_identification:_identify(src/cv_server) by extensions ['colcon_meta']
[0.809s] Level 1:colcon.colcon_core.package_identification:_identify(src/cv_server) by extension 'colcon_meta'
[0.809s] Level 1:colcon.colcon_core.package_identification:_identify(src/cv_server) by extensions ['ros']
[0.809s] Level 1:colcon.colcon_core.package_identification:_identify(src/cv_server) by extension 'ros'
[0.814s] DEBUG:colcon.colcon_core.package_identification:Package 'src/cv_server' with type 'ros.ament_cmake' and name 'cv_server'
[0.814s] Level 1:colcon.colcon_core.package_identification:_identify(src/shared) by extensions ['ignore', 'ignore_ament_install']
[0.814s] Level 1:colcon.colcon_core.package_identification:_identify(src/shared) by extension 'ignore'
[0.815s] Level 1:colcon.colcon_core.package_identification:_identify(src/shared) by extension 'ignore_ament_install'
[0.815s] Level 1:colcon.colcon_core.package_identification:_identify(src/shared) by extensions ['colcon_pkg']
[0.815s] Level 1:colcon.colcon_core.package_identification:_identify(src/shared) by extension 'colcon_pkg'
[0.815s] Level 1:colcon.colcon_core.package_identification:_identify(src/shared) by extensions ['colcon_meta']
[0.815s] Level 1:colcon.colcon_core.package_identification:_identify(src/shared) by extension 'colcon_meta'
[0.815s] Level 1:colcon.colcon_core.package_identification:_identify(src/shared) by extensions ['ros']
[0.815s] Level 1:colcon.colcon_core.package_identification:_identify(src/shared) by extension 'ros'
[0.816s] DEBUG:colcon.colcon_core.package_identification:Package 'src/shared' with type 'ros.ament_cmake' and name 'shared'
[0.816s] Level 1:colcon.colcon_core.package_identification:_identify(src/tuna) by extensions ['ignore', 'ignore_ament_install']
[0.816s] Level 1:colcon.colcon_core.package_identification:_identify(src/tuna) by extension 'ignore'
[0.816s] Level 1:colcon.colcon_core.package_identification:_identify(src/tuna) by extension 'ignore_ament_install'
[0.816s] Level 1:colcon.colcon_core.package_identification:_identify(src/tuna) by extensions ['colcon_pkg']
[0.816s] Level 1:colcon.colcon_core.package_identification:_identify(src/tuna) by extension 'colcon_pkg'
[0.816s] Level 1:colcon.colcon_core.package_identification:_identify(src/tuna) by extensions ['colcon_meta']
[0.817s] Level 1:colcon.colcon_core.package_identification:_identify(src/tuna) by extension 'colcon_meta'
[0.817s] Level 1:colcon.colcon_core.package_identification:_identify(src/tuna) by extensions ['ros']
[0.817s] Level 1:colcon.colcon_core.package_identification:_identify(src/tuna) by extension 'ros'
[0.818s] DEBUG:colcon.colcon_core.package_identification:Package 'src/tuna' with type 'ros.ament_cmake' and name 'tuna'
[0.819s] Level 1:colcon.colcon_core.package_discovery:discover_packages(recursive) using defaults
[0.819s] Level 1:colcon.colcon_core.package_discovery:discover_packages(ignore) discover
[0.819s] Level 1:colcon.colcon_core.package_discovery:discover_packages(ignore) using defaults
[0.819s] Level 1:colcon.colcon_core.package_discovery:discover_packages(path) discover
[0.819s] Level 1:colcon.colcon_core.package_discovery:discover_packages(path) using defaults
[0.859s] INFO:colcon.colcon_core.package_selection:Skipping not selected package 'cv_server' in 'src/cv_server'
[0.859s] INFO:colcon.colcon_core.package_selection:Skipping not selected package 'shared' in 'src/shared'
[0.860s] Level 5:colcon.colcon_core.verb:set package 'tuna' build argument 'cmake_args' from command line to 'None'
[0.860s] Level 5:colcon.colcon_core.verb:set package 'tuna' build argument 'cmake_target' from command line to 'None'
[0.860s] Level 5:colcon.colcon_core.verb:set package 'tuna' build argument 'cmake_target_skip_unavailable' from command line to 'False'
[0.860s] Level 5:colcon.colcon_core.verb:set package 'tuna' build argument 'cmake_clean_cache' from command line to 'False'
[0.861s] Level 5:colcon.colcon_core.verb:set package 'tuna' build argument 'cmake_clean_first' from command line to 'False'
[0.861s] Level 5:colcon.colcon_core.verb:set package 'tuna' build argument 'cmake_force_configure' from command line to 'False'
[0.861s] Level 5:colcon.colcon_core.verb:set package 'tuna' build argument 'ament_cmake_args' from command line to 'None'
[0.861s] Level 5:colcon.colcon_core.verb:set package 'tuna' build argument 'catkin_cmake_args' from command line to 'None'
[0.861s] Level 5:colcon.colcon_core.verb:set package 'tuna' build argument 'catkin_skip_building_tests' from command line to 'False'
[0.861s] DEBUG:colcon.colcon_core.verb:Building package 'tuna' with the following arguments: {'ament_cmake_args': None, 'build_base': '/home/kwaii/zpm/build/tuna', 'catkin_cmake_args': None, 'catkin_skip_building_tests': False, 'cmake_args': None, 'cmake_clean_cache': False, 'cmake_clean_first': False, 'cmake_force_configure': False, 'cmake_target': None, 'cmake_target_skip_unavailable': False, 'install_base': '/home/kwaii/zpm/install/tuna', 'merge_install': False, 'path': '/home/kwaii/zpm/src/tuna', 'symlink_install': False, 'test_result_base': None}
[0.861s] INFO:colcon.colcon_core.executor:Executing jobs using 'parallel' executor
[0.863s] DEBUG:colcon.colcon_parallel_executor.executor.parallel:run_until_complete
[0.863s] INFO:colcon.colcon_ros.task.ament_cmake.build:Building ROS package in '/home/kwaii/zpm/src/tuna' with build type 'ament_cmake'
[0.863s] INFO:colcon.colcon_cmake.task.cmake.build:Building CMake package in '/home/kwaii/zpm/src/tuna'
[0.869s] INFO:colcon.colcon_core.plugin_system:Skipping extension 'colcon_core.shell.bat': Not used on non-Windows systems
[0.869s] INFO:colcon.colcon_core.shell:Skip shell extension 'powershell' for command environment: Not usable outside of PowerShell
[0.869s] DEBUG:colcon.colcon_core.shell:Skip shell extension 'dsv' for command environment
[0.890s] DEBUG:colcon.colcon_core.event_handler.log_command:Invoking command in '/home/kwaii/zpm/build/tuna': CMAKE_PREFIX_PATH=${CMAKE_PREFIX_PATH}:/opt/ros/humble /usr/bin/cmake --build /home/kwaii/zpm/build/tuna -- -j8 -l8
[0.957s] DEBUG:colcon.colcon_core.event_handler.log_command:Invoked command in '/home/kwaii/zpm/build/tuna' returned '0': CMAKE_PREFIX_PATH=${CMAKE_PREFIX_PATH}:/opt/ros/humble /usr/bin/cmake --build /home/kwaii/zpm/build/tuna -- -j8 -l8
[0.975s] DEBUG:colcon.colcon_core.event_handler.log_command:Invoking command in '/home/kwaii/zpm/build/tuna': CMAKE_PREFIX_PATH=${CMAKE_PREFIX_PATH}:/opt/ros/humble /usr/bin/cmake --install /home/kwaii/zpm/build/tuna
[0.995s] Level 1:colcon.colcon_core.environment:create_environment_scripts_only(tuna)
[1.000s] DEBUG:colcon.colcon_core.event_handler.log_command:Invoked command in '/home/kwaii/zpm/build/tuna' returned '0': CMAKE_PREFIX_PATH=${CMAKE_PREFIX_PATH}:/opt/ros/humble /usr/bin/cmake --install /home/kwaii/zpm/build/tuna
[1.004s] Level 1:colcon.colcon_core.environment:checking '/home/kwaii/zpm/install/tuna' for CMake module files
[1.005s] Level 1:colcon.colcon_core.environment:checking '/home/kwaii/zpm/install/tuna' for CMake config files
[1.006s] Level 1:colcon.colcon_core.shell:create_environment_hook('tuna', 'cmake_prefix_path')
[1.007s] INFO:colcon.colcon_core.shell:Creating environment hook '/home/kwaii/zpm/install/tuna/share/tuna/hook/cmake_prefix_path.ps1'
[1.009s] INFO:colcon.colcon_core.shell:Creating environment descriptor '/home/kwaii/zpm/install/tuna/share/tuna/hook/cmake_prefix_path.dsv'
[1.009s] INFO:colcon.colcon_core.shell:Creating environment hook '/home/kwaii/zpm/install/tuna/share/tuna/hook/cmake_prefix_path.sh'
[1.011s] Level 1:colcon.colcon_core.environment:checking '/home/kwaii/zpm/install/tuna/bin'
[1.011s] Level 1:colcon.colcon_core.environment:checking '/home/kwaii/zpm/install/tuna/lib/pkgconfig/tuna.pc'
[1.014s] Level 1:colcon.colcon_core.environment:checking '/home/kwaii/zpm/install/tuna/lib/python3.10/site-packages'
[1.015s] Level 1:colcon.colcon_core.environment:checking '/home/kwaii/zpm/install/tuna/bin'
[1.015s] INFO:colcon.colcon_core.shell:Creating package script '/home/kwaii/zpm/install/tuna/share/tuna/package.ps1'
[1.016s] INFO:colcon.colcon_core.shell:Creating package descriptor '/home/kwaii/zpm/install/tuna/share/tuna/package.dsv'
[1.017s] INFO:colcon.colcon_core.shell:Creating package script '/home/kwaii/zpm/install/tuna/share/tuna/package.sh'
[1.019s] INFO:colcon.colcon_core.shell:Creating package script '/home/kwaii/zpm/install/tuna/share/tuna/package.bash'
[1.020s] INFO:colcon.colcon_core.shell:Creating package script '/home/kwaii/zpm/install/tuna/share/tuna/package.zsh'
[1.023s] Level 1:colcon.colcon_core.environment:create_file_with_runtime_dependencies(/home/kwaii/zpm/install/tuna/share/colcon-core/packages/tuna)
[1.024s] Level 1:colcon.colcon_core.environment:create_environment_scripts_only(tuna)
[1.025s] Level 1:colcon.colcon_core.environment:checking '/home/kwaii/zpm/install/tuna' for CMake module files
[1.026s] Level 1:colcon.colcon_core.environment:checking '/home/kwaii/zpm/install/tuna' for CMake config files
[1.026s] Level 1:colcon.colcon_core.shell:create_environment_hook('tuna', 'cmake_prefix_path')
[1.026s] INFO:colcon.colcon_core.shell:Creating environment hook '/home/kwaii/zpm/install/tuna/share/tuna/hook/cmake_prefix_path.ps1'
[1.027s] INFO:colcon.colcon_core.shell:Creating environment descriptor '/home/kwaii/zpm/install/tuna/share/tuna/hook/cmake_prefix_path.dsv'
[1.028s] INFO:colcon.colcon_core.shell:Creating environment hook '/home/kwaii/zpm/install/tuna/share/tuna/hook/cmake_prefix_path.sh'
[1.028s] Level 1:colcon.colcon_core.environment:checking '/home/kwaii/zpm/install/tuna/bin'
[1.028s] Level 1:colcon.colcon_core.environment:checking '/home/kwaii/zpm/install/tuna/lib/pkgconfig/tuna.pc'
[1.029s] Level 1:colcon.colcon_core.environment:checking '/home/kwaii/zpm/install/tuna/lib/python3.10/site-packages'
[1.029s] Level 1:colcon.colcon_core.environment:checking '/home/kwaii/zpm/install/tuna/bin'
[1.029s] INFO:colcon.colcon_core.shell:Creating package script '/home/kwaii/zpm/install/tuna/share/tuna/package.ps1'
[1.030s] INFO:colcon.colcon_core.shell:Creating package descriptor '/home/kwaii/zpm/install/tuna/share/tuna/package.dsv'
[1.030s] INFO:colcon.colcon_core.shell:Creating package script '/home/kwaii/zpm/install/tuna/share/tuna/package.sh'
[1.031s] INFO:colcon.colcon_core.shell:Creating package script '/home/kwaii/zpm/install/tuna/share/tuna/package.bash'
[1.031s] INFO:colcon.colcon_core.shell:Creating package script '/home/kwaii/zpm/install/tuna/share/tuna/package.zsh'
[1.032s] Level 1:colcon.colcon_core.environment:create_file_with_runtime_dependencies(/home/kwaii/zpm/install/tuna/share/colcon-core/packages/tuna)
[1.032s] DEBUG:colcon.colcon_parallel_executor.executor.parallel:closing loop
[1.032s] DEBUG:colcon.colcon_parallel_executor.executor.parallel:loop closed
[1.032s] DEBUG:colcon.colcon_parallel_executor.executor.parallel:run_until_complete finished with '0'
[1.032s] DEBUG:colcon.colcon_core.event_reactor:joining thread
[1.050s] INFO:colcon.colcon_core.plugin_system:Skipping extension 'colcon_notification.desktop_notification.terminal_notifier': Not used on non-Darwin systems
[1.051s] INFO:colcon.colcon_core.plugin_system:Skipping extension 'colcon_notification.desktop_notification.win32': Not used on non-Windows systems
[1.051s] INFO:colcon.colcon_notification.desktop_notification:Sending desktop notification using 'notify2'
[1.073s] DEBUG:colcon.colcon_core.event_reactor:joined thread
[1.074s] INFO:colcon.colcon_core.shell:Creating prefix script '/home/kwaii/zpm/install/local_setup.ps1'
[1.076s] INFO:colcon.colcon_core.shell:Creating prefix util module '/home/kwaii/zpm/install/_local_setup_util_ps1.py'
[1.079s] INFO:colcon.colcon_core.shell:Creating prefix chain script '/home/kwaii/zpm/install/setup.ps1'
[1.081s] INFO:colcon.colcon_core.shell:Creating prefix script '/home/kwaii/zpm/install/local_setup.sh'
[1.083s] INFO:colcon.colcon_core.shell:Creating prefix util module '/home/kwaii/zpm/install/_local_setup_util_sh.py'
[1.085s] INFO:colcon.colcon_core.shell:Creating prefix chain script '/home/kwaii/zpm/install/setup.sh'
[1.089s] INFO:colcon.colcon_core.shell:Creating prefix script '/home/kwaii/zpm/install/local_setup.bash'
[1.091s] INFO:colcon.colcon_core.shell:Creating prefix chain script '/home/kwaii/zpm/install/setup.bash'
[1.093s] INFO:colcon.colcon_core.shell:Creating prefix script '/home/kwaii/zpm/install/local_setup.zsh'
[1.094s] INFO:colcon.colcon_core.shell:Creating prefix chain script '/home/kwaii/zpm/install/setup.zsh'
