[0.016s] Invoking command in '/home/kwaii/zpm/build/tuna': CMAKE_PREFIX_PATH=/opt/ros/humble /usr/bin/cmake /home/kwaii/zpm/src/tuna -DCMAKE_INSTALL_PREFIX=/home/kwaii/zpm/install/tuna
[0.244s] -- The C compiler identification is GNU 11.4.0
[0.401s] -- The CXX compiler identification is GNU 11.4.0
[0.415s] -- Detecting C compiler ABI info
[0.548s] -- Detecting C compiler ABI info - done
[0.558s] -- Check for working C compiler: /usr/bin/cc - skipped
[0.558s] -- Detecting C compile features
[0.560s] -- Detecting C compile features - done
[0.570s] -- Detecting CXX compiler ABI info
[0.730s] -- Detecting CXX compiler ABI info - done
[0.751s] -- Check for working CXX compiler: /usr/bin/c++ - skipped
[0.751s] -- Detecting CXX compile features
[0.752s] -- Detecting CXX compile features - done
[0.760s] -- Found ament_cmake: 1.3.12 (/opt/ros/humble/share/ament_cmake/cmake)
[1.036s] -- Found Python3: /usr/bin/python3 (found version "3.10.12") found components: Interpreter 
[1.215s] -- Found ament_lint_auto: 0.12.14 (/opt/ros/humble/share/ament_lint_auto/cmake)
[1.367s] -- Added test 'cppcheck' to perform static code analysis on C / C++ code
[1.368s] -- Configured cppcheck include dirs: 
[1.368s] -- Configured cppcheck exclude dirs and/or files: 
[1.368s] -- Added test 'flake8' to check Python code syntax and style conventions
[1.370s] -- Added test 'lint_cmake' to check CMake code style
[1.371s] -- Added test 'pep257' to check Python code against some of the docstring style conventions in PEP 257
[1.374s] -- Added test 'uncrustify' to check C / C++ code style
[1.374s] -- Configured uncrustify additional arguments: 
[1.375s] -- Added test 'xmllint' to check XML markup files
[1.379s] -- Configuring done
[1.384s] -- Generating done
[1.387s] -- Build files have been written to: /home/kwaii/zpm/build/tuna
[1.395s] Invoked command in '/home/kwaii/zpm/build/tuna' returned '0': CMAKE_PREFIX_PATH=/opt/ros/humble /usr/bin/cmake /home/kwaii/zpm/src/tuna -DCMAKE_INSTALL_PREFIX=/home/kwaii/zpm/install/tuna
[1.398s] Invoking command in '/home/kwaii/zpm/build/tuna': CMAKE_PREFIX_PATH=/opt/ros/humble /usr/bin/cmake --build /home/kwaii/zpm/build/tuna -- -j8 -l8
[1.465s] Invoked command in '/home/kwaii/zpm/build/tuna' returned '0': CMAKE_PREFIX_PATH=/opt/ros/humble /usr/bin/cmake --build /home/kwaii/zpm/build/tuna -- -j8 -l8
[1.481s] Invoking command in '/home/kwaii/zpm/build/tuna': CMAKE_PREFIX_PATH=/opt/ros/humble /usr/bin/cmake --install /home/kwaii/zpm/build/tuna
[1.492s] -- Install configuration: ""
[1.493s] -- Installing: /home/kwaii/zpm/install/tuna/share/ament_index/resource_index/package_run_dependencies/tuna
[1.493s] -- Installing: /home/kwaii/zpm/install/tuna/share/ament_index/resource_index/parent_prefix_path/tuna
[1.494s] -- Installing: /home/kwaii/zpm/install/tuna/share/tuna/environment/ament_prefix_path.sh
[1.496s] -- Installing: /home/kwaii/zpm/install/tuna/share/tuna/environment/ament_prefix_path.dsv
[1.497s] -- Installing: /home/kwaii/zpm/install/tuna/share/tuna/environment/path.sh
[1.497s] -- Installing: /home/kwaii/zpm/install/tuna/share/tuna/environment/path.dsv
[1.497s] -- Installing: /home/kwaii/zpm/install/tuna/share/tuna/local_setup.bash
[1.498s] -- Installing: /home/kwaii/zpm/install/tuna/share/tuna/local_setup.sh
[1.498s] -- Installing: /home/kwaii/zpm/install/tuna/share/tuna/local_setup.zsh
[1.498s] -- Installing: /home/kwaii/zpm/install/tuna/share/tuna/local_setup.dsv
[1.498s] -- Installing: /home/kwaii/zpm/install/tuna/share/tuna/package.dsv
[1.498s] -- Installing: /home/kwaii/zpm/install/tuna/share/ament_index/resource_index/packages/tuna
[1.498s] -- Installing: /home/kwaii/zpm/install/tuna/share/tuna/cmake/tunaConfig.cmake
[1.499s] -- Installing: /home/kwaii/zpm/install/tuna/share/tuna/cmake/tunaConfig-version.cmake
[1.499s] -- Installing: /home/kwaii/zpm/install/tuna/share/tuna/package.xml
[1.502s] Invoked command in '/home/kwaii/zpm/build/tuna' returned '0': CMAKE_PREFIX_PATH=/opt/ros/humble /usr/bin/cmake --install /home/kwaii/zpm/build/tuna
