[0.000000] (-) TimerEvent: {}
[0.001113] (-) JobUnselected: {'identifier': 'cv_server'}
[0.001627] (-) JobUnselected: {'identifier': 'shared'}
[0.002029] (tuna) JobQueued: {'identifier': 'tuna', 'dependencies': OrderedDict()}
[0.002155] (tuna) JobStarted: {'identifier': 'tuna'}
[0.014927] (tuna) JobProgress: {'identifier': 'tuna', 'progress': 'cmake'}
[0.016554] (tuna) JobProgress: {'identifier': 'tuna', 'progress': 'build'}
[0.018482] (tuna) Command: {'cmd': ['/usr/bin/cmake', '--build', '/home/kwaii/zpm/build/tuna', '--', '-j8', '-l8'], 'cwd': '/home/kwaii/zpm/build/tuna', 'env': OrderedDict([('GJS_DEBUG_TOPICS', 'JS ERROR;JS LOG'), ('LESSOPEN', '| /usr/bin/lesspipe %s'), ('VSCODE_CWD', '/home/kwaii'), ('VSCODE_ESM_ENTRYPOINT', 'vs/workbench/api/node/extensionHostProcess'), ('USER', 'kwaii'), ('VSCODE_NLS_CONFIG', '{"userLocale":"en-us","osLocale":"en-us","resolvedLanguage":"en","defaultMessagesFile":"/usr/share/cursor/resources/app/out/nls.messages.json","locale":"en-us","availableLanguages":{}}'), ('VSCODE_HANDLES_UNCAUGHT_ERRORS', 'true'), ('XDG_SESSION_TYPE', 'x11'), ('SHLVL', '1'), ('LD_LIBRARY_PATH', '/usr/lib/x86_64-linux-gnu/gazebo-11/plugins:/opt/ros/humble/opt/rviz_ogre_vendor/lib:/opt/ros/humble/lib/x86_64-linux-gnu:/opt/ros/humble/lib'), ('HOME', '/home/kwaii'), ('CHROME_DESKTOP', 'cursor.desktop'), ('OLDPWD', '/home/kwaii/zpm'), ('DESKTOP_SESSION', 'ubuntu-xorg'), ('VSCODE_IPC_HOOK', '/run/user/1000/vscode-1c719ced-2.0.-main.sock'), ('GIO_LAUNCHED_DESKTOP_FILE', '/usr/share/applications/cursor.desktop'), ('ROS_PYTHON_VERSION', '3'), ('GNOME_SHELL_SESSION_MODE', 'ubuntu'), ('GTK_MODULES', 'gail:atk-bridge'), ('MANAGERPID', '1613'), ('SYSTEMD_EXEC_PID', '1963'), ('NO_COLOR', '1'), ('DBUS_SESSION_BUS_ADDRESS', 'unix:path=/run/user/1000/bus'), ('GIO_LAUNCHED_DESKTOP_FILE_PID', '4193'), ('VSCODE_CRASH_REPORTER_PROCESS_TYPE', 'extensionHost'), ('COLCON_PREFIX_PATH', '/home/kwaii/zpm/install'), ('ROS_DISTRO', 'humble'), ('GTK_IM_MODULE', 'ibus'), ('LOGNAME', 'kwaii'), ('FORCE_COLOR', '0'), ('JOURNAL_STREAM', '8:13857'), ('_', '/home/kwaii/.local/bin/colcon'), ('ROS_VERSION', '2'), ('XDG_SESSION_CLASS', 'user'), ('USERNAME', 'kwaii'), ('TERM', 'dumb'), ('GNOME_DESKTOP_SESSION_ID', 'this-is-deprecated'), ('ROS_LOCALHOST_ONLY', '0'), ('COMPOSER_NO_INTERACTION', '1'), ('WINDOWPATH', '2'), ('PATH', '/home/kwaii/.local/bin:/home/kwaii/.local/bin:/home/kwaii/.local/bin:/home/kwaii/.local/bin:/opt/ros/humble/bin:/usr/local/sbin:/usr/local/bin:/usr/sbin:/usr/bin:/sbin:/bin:/usr/games:/usr/local/games:/snap/bin:/snap/bin'), ('SESSION_MANAGER', 'local/kwaii-TUF:@/tmp/.ICE-unix/1912,unix/kwaii-TUF:/tmp/.ICE-unix/1912'), ('INVOCATION_ID', '2428b3780c8b41dcab87430c82e2e103'), ('XDG_MENU_PREFIX', 'gnome-'), ('VSCODE_PROCESS_TITLE', 'extension-host  [1-1]'), ('XDG_RUNTIME_DIR', '/run/user/1000'), ('GDK_BACKEND', 'x11'), ('CURSOR_AGENT', '1'), ('DISPLAY', ':0'), ('LANG', 'en_US.UTF-8'), ('XDG_CURRENT_DESKTOP', 'Unity'), ('XMODIFIERS', '@im=ibus'), ('XDG_SESSION_DESKTOP', 'ubuntu-xorg'), ('XAUTHORITY', '/run/user/1000/gdm/Xauthority'), ('LS_COLORS', ''), ('CURSOR_TRACE_ID', 'ce771122ea9342149f80005a21f05ade'), ('SSH_AGENT_LAUNCHER', 'gnome-keyring'), ('SSH_AUTH_SOCK', '/run/user/1000/keyring/ssh'), ('AMENT_PREFIX_PATH', '/home/kwaii/zpm/install/tuna:/opt/ros/humble'), ('ORIGINAL_XDG_CURRENT_DESKTOP', 'ubuntu:GNOME'), ('SHELL', '/bin/bash'), ('QT_ACCESSIBILITY', '1'), ('GDMSESSION', 'ubuntu-xorg'), ('LESSCLOSE', '/usr/bin/lesspipe %s %s'), ('GPG_AGENT_INFO', '/run/user/1000/gnupg/S.gpg-agent:0:1'), ('GJS_DEBUG_OUTPUT', 'stderr'), ('QT_IM_MODULE', 'ibus'), ('PWD', '/home/kwaii/zpm/build/tuna'), ('LC_ALL', 'en_US.UTF-8'), ('XDG_CONFIG_DIRS', '/etc/xdg/xdg-ubuntu-xorg:/etc/xdg'), ('VSCODE_CODE_CACHE_PATH', '/home/kwaii/.config/Cursor/CachedData/45fd70f3fe72037444ba35c9e51ce86a1977ac10'), ('XDG_DATA_DIRS', '/usr/share/ubuntu-xorg:/usr/share/gnome:/home/kwaii/.local/share/flatpak/exports/share:/var/lib/flatpak/exports/share:/usr/local/share/:/usr/share/:/var/lib/snapd/desktop'), ('PYTHONPATH', '/opt/ros/humble/lib/python3.10/site-packages:/opt/ros/humble/local/lib/python3.10/dist-packages'), ('COLCON', '1'), ('CMAKE_PREFIX_PATH', '/home/kwaii/zpm/install/tuna:/opt/ros/humble'), ('VSCODE_PID', '4193')]), 'shell': False}
[0.054020] (tuna) StdoutLine: {'line': b'-- Found ament_cmake: 1.3.12 (/opt/ros/humble/share/ament_cmake/cmake)\n'}
[0.098925] (-) TimerEvent: {}
[0.199458] (-) TimerEvent: {}
[0.287908] (tuna) StdoutLine: {'line': b'-- Found ament_lint_auto: 0.12.14 (/opt/ros/humble/share/ament_lint_auto/cmake)\n'}
[0.299703] (-) TimerEvent: {}
[0.388609] (tuna) StdoutLine: {'line': b"-- Added test 'cppcheck' to perform static code analysis on C / C++ code\n"}
[0.388869] (tuna) StdoutLine: {'line': b'-- Configured cppcheck include dirs: \n'}
[0.388972] (tuna) StdoutLine: {'line': b'-- Configured cppcheck exclude dirs and/or files: \n'}
[0.389205] (tuna) StdoutLine: {'line': b"-- Added test 'flake8' to check Python code syntax and style conventions\n"}
[0.389930] (tuna) StdoutLine: {'line': b"-- Added test 'lint_cmake' to check CMake code style\n"}
[0.390476] (tuna) StdoutLine: {'line': b"-- Added test 'pep257' to check Python code against some of the docstring style conventions in PEP 257\n"}
[0.392549] (tuna) StdoutLine: {'line': b"-- Added test 'uncrustify' to check C / C++ code style\n"}
[0.392768] (tuna) StdoutLine: {'line': b'-- Configured uncrustify additional arguments: \n'}
[0.393177] (tuna) StdoutLine: {'line': b"-- Added test 'xmllint' to check XML markup files\n"}
[0.394144] (tuna) StdoutLine: {'line': b'-- Configuring done\n'}
[0.397974] (tuna) StdoutLine: {'line': b'-- Generating done\n'}
[0.399917] (-) TimerEvent: {}
[0.401476] (tuna) StdoutLine: {'line': b'-- Build files have been written to: /home/kwaii/zpm/build/tuna\n'}
[0.458917] (tuna) CommandEnded: {'returncode': 0}
[0.461025] (tuna) JobProgress: {'identifier': 'tuna', 'progress': 'install'}
[0.476133] (tuna) Command: {'cmd': ['/usr/bin/cmake', '--install', '/home/kwaii/zpm/build/tuna'], 'cwd': '/home/kwaii/zpm/build/tuna', 'env': OrderedDict([('GJS_DEBUG_TOPICS', 'JS ERROR;JS LOG'), ('LESSOPEN', '| /usr/bin/lesspipe %s'), ('VSCODE_CWD', '/home/kwaii'), ('VSCODE_ESM_ENTRYPOINT', 'vs/workbench/api/node/extensionHostProcess'), ('USER', 'kwaii'), ('VSCODE_NLS_CONFIG', '{"userLocale":"en-us","osLocale":"en-us","resolvedLanguage":"en","defaultMessagesFile":"/usr/share/cursor/resources/app/out/nls.messages.json","locale":"en-us","availableLanguages":{}}'), ('VSCODE_HANDLES_UNCAUGHT_ERRORS', 'true'), ('XDG_SESSION_TYPE', 'x11'), ('SHLVL', '1'), ('LD_LIBRARY_PATH', '/usr/lib/x86_64-linux-gnu/gazebo-11/plugins:/opt/ros/humble/opt/rviz_ogre_vendor/lib:/opt/ros/humble/lib/x86_64-linux-gnu:/opt/ros/humble/lib'), ('HOME', '/home/kwaii'), ('CHROME_DESKTOP', 'cursor.desktop'), ('OLDPWD', '/home/kwaii/zpm'), ('DESKTOP_SESSION', 'ubuntu-xorg'), ('VSCODE_IPC_HOOK', '/run/user/1000/vscode-1c719ced-2.0.-main.sock'), ('GIO_LAUNCHED_DESKTOP_FILE', '/usr/share/applications/cursor.desktop'), ('ROS_PYTHON_VERSION', '3'), ('GNOME_SHELL_SESSION_MODE', 'ubuntu'), ('GTK_MODULES', 'gail:atk-bridge'), ('MANAGERPID', '1613'), ('SYSTEMD_EXEC_PID', '1963'), ('NO_COLOR', '1'), ('DBUS_SESSION_BUS_ADDRESS', 'unix:path=/run/user/1000/bus'), ('GIO_LAUNCHED_DESKTOP_FILE_PID', '4193'), ('VSCODE_CRASH_REPORTER_PROCESS_TYPE', 'extensionHost'), ('COLCON_PREFIX_PATH', '/home/kwaii/zpm/install'), ('ROS_DISTRO', 'humble'), ('GTK_IM_MODULE', 'ibus'), ('LOGNAME', 'kwaii'), ('FORCE_COLOR', '0'), ('JOURNAL_STREAM', '8:13857'), ('_', '/home/kwaii/.local/bin/colcon'), ('ROS_VERSION', '2'), ('XDG_SESSION_CLASS', 'user'), ('USERNAME', 'kwaii'), ('TERM', 'dumb'), ('GNOME_DESKTOP_SESSION_ID', 'this-is-deprecated'), ('ROS_LOCALHOST_ONLY', '0'), ('COMPOSER_NO_INTERACTION', '1'), ('WINDOWPATH', '2'), ('PATH', '/home/kwaii/.local/bin:/home/kwaii/.local/bin:/home/kwaii/.local/bin:/home/kwaii/.local/bin:/opt/ros/humble/bin:/usr/local/sbin:/usr/local/bin:/usr/sbin:/usr/bin:/sbin:/bin:/usr/games:/usr/local/games:/snap/bin:/snap/bin'), ('SESSION_MANAGER', 'local/kwaii-TUF:@/tmp/.ICE-unix/1912,unix/kwaii-TUF:/tmp/.ICE-unix/1912'), ('INVOCATION_ID', '2428b3780c8b41dcab87430c82e2e103'), ('XDG_MENU_PREFIX', 'gnome-'), ('VSCODE_PROCESS_TITLE', 'extension-host  [1-1]'), ('XDG_RUNTIME_DIR', '/run/user/1000'), ('GDK_BACKEND', 'x11'), ('CURSOR_AGENT', '1'), ('DISPLAY', ':0'), ('LANG', 'en_US.UTF-8'), ('XDG_CURRENT_DESKTOP', 'Unity'), ('XMODIFIERS', '@im=ibus'), ('XDG_SESSION_DESKTOP', 'ubuntu-xorg'), ('XAUTHORITY', '/run/user/1000/gdm/Xauthority'), ('LS_COLORS', ''), ('CURSOR_TRACE_ID', 'ce771122ea9342149f80005a21f05ade'), ('SSH_AGENT_LAUNCHER', 'gnome-keyring'), ('SSH_AUTH_SOCK', '/run/user/1000/keyring/ssh'), ('AMENT_PREFIX_PATH', '/home/kwaii/zpm/install/tuna:/opt/ros/humble'), ('ORIGINAL_XDG_CURRENT_DESKTOP', 'ubuntu:GNOME'), ('SHELL', '/bin/bash'), ('QT_ACCESSIBILITY', '1'), ('GDMSESSION', 'ubuntu-xorg'), ('LESSCLOSE', '/usr/bin/lesspipe %s %s'), ('GPG_AGENT_INFO', '/run/user/1000/gnupg/S.gpg-agent:0:1'), ('GJS_DEBUG_OUTPUT', 'stderr'), ('QT_IM_MODULE', 'ibus'), ('PWD', '/home/kwaii/zpm/build/tuna'), ('LC_ALL', 'en_US.UTF-8'), ('XDG_CONFIG_DIRS', '/etc/xdg/xdg-ubuntu-xorg:/etc/xdg'), ('VSCODE_CODE_CACHE_PATH', '/home/kwaii/.config/Cursor/CachedData/45fd70f3fe72037444ba35c9e51ce86a1977ac10'), ('XDG_DATA_DIRS', '/usr/share/ubuntu-xorg:/usr/share/gnome:/home/kwaii/.local/share/flatpak/exports/share:/var/lib/flatpak/exports/share:/usr/local/share/:/usr/share/:/var/lib/snapd/desktop'), ('PYTHONPATH', '/opt/ros/humble/lib/python3.10/site-packages:/opt/ros/humble/local/lib/python3.10/dist-packages'), ('COLCON', '1'), ('CMAKE_PREFIX_PATH', '/home/kwaii/zpm/install/tuna:/opt/ros/humble'), ('VSCODE_PID', '4193')]), 'shell': False}
[0.490153] (tuna) StdoutLine: {'line': b'-- Install configuration: ""\n'}
[0.490707] (tuna) StdoutLine: {'line': b'-- Up-to-date: /home/kwaii/zpm/install/tuna/share/tuna/launch\n'}
[0.491200] (tuna) StdoutLine: {'line': b'-- Installing: /home/kwaii/zpm/install/tuna/share/tuna/launch/sim.launch.py\n'}
[0.491498] (tuna) StdoutLine: {'line': b'-- Up-to-date: /home/kwaii/zpm/install/tuna/share/tuna/launch/robot.launch.py\n'}
[0.492557] (tuna) StdoutLine: {'line': b'-- Up-to-date: /home/kwaii/zpm/install/tuna/share/tuna/urdf\n'}
[0.492807] (tuna) StdoutLine: {'line': b'-- Up-to-date: /home/kwaii/zpm/install/tuna/share/tuna/urdf/zpm_robot.urdf.xacro\n'}
[0.492944] (tuna) StdoutLine: {'line': b'-- Up-to-date: /home/kwaii/zpm/install/tuna/share/tuna/worlds\n'}
[0.493039] (tuna) StdoutLine: {'line': b'-- Up-to-date: /home/kwaii/zpm/install/tuna/share/tuna/worlds/simWorld.sdf\n'}
[0.493159] (tuna) StdoutLine: {'line': b'-- Up-to-date: /home/kwaii/zpm/install/tuna/share/ament_index/resource_index/package_run_dependencies/tuna\n'}
[0.493271] (tuna) StdoutLine: {'line': b'-- Up-to-date: /home/kwaii/zpm/install/tuna/share/ament_index/resource_index/parent_prefix_path/tuna\n'}
[0.493352] (tuna) StdoutLine: {'line': b'-- Up-to-date: /home/kwaii/zpm/install/tuna/share/tuna/environment/ament_prefix_path.sh\n'}
[0.493456] (tuna) StdoutLine: {'line': b'-- Installing: /home/kwaii/zpm/install/tuna/share/tuna/environment/ament_prefix_path.dsv\n'}
[0.493561] (tuna) StdoutLine: {'line': b'-- Up-to-date: /home/kwaii/zpm/install/tuna/share/tuna/environment/path.sh\n'}
[0.493684] (tuna) StdoutLine: {'line': b'-- Installing: /home/kwaii/zpm/install/tuna/share/tuna/environment/path.dsv\n'}
[0.493781] (tuna) StdoutLine: {'line': b'-- Up-to-date: /home/kwaii/zpm/install/tuna/share/tuna/local_setup.bash\n'}
[0.493873] (tuna) StdoutLine: {'line': b'-- Up-to-date: /home/kwaii/zpm/install/tuna/share/tuna/local_setup.sh\n'}
[0.493966] (tuna) StdoutLine: {'line': b'-- Up-to-date: /home/kwaii/zpm/install/tuna/share/tuna/local_setup.zsh\n'}
[0.494059] (tuna) StdoutLine: {'line': b'-- Installing: /home/kwaii/zpm/install/tuna/share/tuna/local_setup.dsv\n'}
[0.494131] (tuna) StdoutLine: {'line': b'-- Installing: /home/kwaii/zpm/install/tuna/share/tuna/package.dsv\n'}
[0.494199] (tuna) StdoutLine: {'line': b'-- Up-to-date: /home/kwaii/zpm/install/tuna/share/ament_index/resource_index/packages/tuna\n'}
[0.494269] (tuna) StdoutLine: {'line': b'-- Up-to-date: /home/kwaii/zpm/install/tuna/share/tuna/cmake/tunaConfig.cmake\n'}
[0.494351] (tuna) StdoutLine: {'line': b'-- Up-to-date: /home/kwaii/zpm/install/tuna/share/tuna/cmake/tunaConfig-version.cmake\n'}
[0.494420] (tuna) StdoutLine: {'line': b'-- Up-to-date: /home/kwaii/zpm/install/tuna/share/tuna/package.xml\n'}
[0.495049] (tuna) CommandEnded: {'returncode': 0}
[0.500320] (-) TimerEvent: {}
[0.525464] (tuna) JobEnded: {'identifier': 'tuna', 'rc': 0}
[0.526679] (-) EventReactorShutdown: {}
