[0.000000] (-) TimerEvent: {}
[0.000472] (-) JobUnselected: {'identifier': 'cv_server'}
[0.000941] (-) JobUnselected: {'identifier': 'shared'}
[0.001237] (tuna) JobQueued: {'identifier': 'tuna', 'dependencies': OrderedDict()}
[0.001332] (tuna) JobStarted: {'identifier': 'tuna'}
[0.013961] (tuna) JobProgress: {'identifier': 'tuna', 'progress': 'cmake'}
[0.015042] (tuna) Command: {'cmd': ['/usr/bin/cmake', '/home/kwaii/zpm/src/tuna', '-DCMAKE_INSTALL_PREFIX=/home/kwaii/zpm/install/tuna'], 'cwd': '/home/kwaii/zpm/build/tuna', 'env': OrderedDict([('GJS_DEBUG_TOPICS', 'JS ERROR;JS LOG'), ('LESSOPEN', '| /usr/bin/lesspipe %s'), ('VSCODE_CWD', '/home/kwaii'), ('VSCODE_ESM_ENTRYPOINT', 'vs/workbench/api/node/extensionHostProcess'), ('USER', 'kwaii'), ('VSCODE_NLS_CONFIG', '{"userLocale":"en-us","osLocale":"en-us","resolvedLanguage":"en","defaultMessagesFile":"/usr/share/cursor/resources/app/out/nls.messages.json","locale":"en-us","availableLanguages":{}}'), ('VSCODE_HANDLES_UNCAUGHT_ERRORS', 'true'), ('XDG_SESSION_TYPE', 'x11'), ('SHLVL', '1'), ('LD_LIBRARY_PATH', '/usr/lib/x86_64-linux-gnu/gazebo-11/plugins:/opt/ros/humble/opt/rviz_ogre_vendor/lib:/opt/ros/humble/lib/x86_64-linux-gnu:/opt/ros/humble/lib'), ('HOME', '/home/kwaii'), ('CHROME_DESKTOP', 'cursor.desktop'), ('OLDPWD', '/home/kwaii/zpm'), ('DESKTOP_SESSION', 'ubuntu-xorg'), ('VSCODE_IPC_HOOK', '/run/user/1000/vscode-1c719ced-2.0.-main.sock'), ('GIO_LAUNCHED_DESKTOP_FILE', '/usr/share/applications/cursor.desktop'), ('ROS_PYTHON_VERSION', '3'), ('GNOME_SHELL_SESSION_MODE', 'ubuntu'), ('GTK_MODULES', 'gail:atk-bridge'), ('MANAGERPID', '1613'), ('SYSTEMD_EXEC_PID', '1963'), ('NO_COLOR', '1'), ('DBUS_SESSION_BUS_ADDRESS', 'unix:path=/run/user/1000/bus'), ('GIO_LAUNCHED_DESKTOP_FILE_PID', '4193'), ('VSCODE_CRASH_REPORTER_PROCESS_TYPE', 'extensionHost'), ('ROS_DISTRO', 'humble'), ('GTK_IM_MODULE', 'ibus'), ('LOGNAME', 'kwaii'), ('FORCE_COLOR', '0'), ('JOURNAL_STREAM', '8:13857'), ('_', '/home/kwaii/.local/bin/colcon'), ('ROS_VERSION', '2'), ('XDG_SESSION_CLASS', 'user'), ('USERNAME', 'kwaii'), ('TERM', 'dumb'), ('GNOME_DESKTOP_SESSION_ID', 'this-is-deprecated'), ('ROS_LOCALHOST_ONLY', '0'), ('COMPOSER_NO_INTERACTION', '1'), ('WINDOWPATH', '2'), ('PATH', '/home/kwaii/.local/bin:/opt/ros/humble/bin:/usr/local/sbin:/usr/local/bin:/usr/sbin:/usr/bin:/sbin:/bin:/usr/games:/usr/local/games:/snap/bin:/snap/bin'), ('SESSION_MANAGER', 'local/kwaii-TUF:@/tmp/.ICE-unix/1912,unix/kwaii-TUF:/tmp/.ICE-unix/1912'), ('INVOCATION_ID', '2428b3780c8b41dcab87430c82e2e103'), ('XDG_MENU_PREFIX', 'gnome-'), ('VSCODE_PROCESS_TITLE', 'extension-host  [1-1]'), ('XDG_RUNTIME_DIR', '/run/user/1000'), ('GDK_BACKEND', 'x11'), ('CURSOR_AGENT', '1'), ('DISPLAY', ':0'), ('LANG', 'en_US.UTF-8'), ('XDG_CURRENT_DESKTOP', 'Unity'), ('XMODIFIERS', '@im=ibus'), ('XDG_SESSION_DESKTOP', 'ubuntu-xorg'), ('XAUTHORITY', '/run/user/1000/gdm/Xauthority'), ('LS_COLORS', ''), ('CURSOR_TRACE_ID', 'ce771122ea9342149f80005a21f05ade'), ('SSH_AGENT_LAUNCHER', 'gnome-keyring'), ('SSH_AUTH_SOCK', '/run/user/1000/keyring/ssh'), ('AMENT_PREFIX_PATH', '/opt/ros/humble'), ('ORIGINAL_XDG_CURRENT_DESKTOP', 'ubuntu:GNOME'), ('SHELL', '/bin/bash'), ('QT_ACCESSIBILITY', '1'), ('GDMSESSION', 'ubuntu-xorg'), ('LESSCLOSE', '/usr/bin/lesspipe %s %s'), ('GPG_AGENT_INFO', '/run/user/1000/gnupg/S.gpg-agent:0:1'), ('GJS_DEBUG_OUTPUT', 'stderr'), ('QT_IM_MODULE', 'ibus'), ('PWD', '/home/kwaii/zpm/build/tuna'), ('LC_ALL', 'en_US.UTF-8'), ('XDG_CONFIG_DIRS', '/etc/xdg/xdg-ubuntu-xorg:/etc/xdg'), ('VSCODE_CODE_CACHE_PATH', '/home/kwaii/.config/Cursor/CachedData/45fd70f3fe72037444ba35c9e51ce86a1977ac10'), ('XDG_DATA_DIRS', '/usr/share/ubuntu-xorg:/usr/share/gnome:/home/kwaii/.local/share/flatpak/exports/share:/var/lib/flatpak/exports/share:/usr/local/share/:/usr/share/:/var/lib/snapd/desktop'), ('PYTHONPATH', '/opt/ros/humble/lib/python3.10/site-packages:/opt/ros/humble/local/lib/python3.10/dist-packages'), ('COLCON', '1'), ('VSCODE_PID', '4193'), ('CMAKE_PREFIX_PATH', '/opt/ros/humble')]), 'shell': False}
[0.099326] (-) TimerEvent: {}
[0.199541] (-) TimerEvent: {}
[0.245151] (tuna) StdoutLine: {'line': b'-- The C compiler identification is GNU 11.4.0\n'}
[0.299702] (-) TimerEvent: {}
[0.399946] (-) TimerEvent: {}
[0.401808] (tuna) StdoutLine: {'line': b'-- The CXX compiler identification is GNU 11.4.0\n'}
[0.416588] (tuna) StdoutLine: {'line': b'-- Detecting C compiler ABI info\n'}
[0.500090] (-) TimerEvent: {}
[0.548711] (tuna) StdoutLine: {'line': b'-- Detecting C compiler ABI info - done\n'}
[0.558832] (tuna) StdoutLine: {'line': b'-- Check for working C compiler: /usr/bin/cc - skipped\n'}
[0.559521] (tuna) StdoutLine: {'line': b'-- Detecting C compile features\n'}
[0.561198] (tuna) StdoutLine: {'line': b'-- Detecting C compile features - done\n'}
[0.571596] (tuna) StdoutLine: {'line': b'-- Detecting CXX compiler ABI info\n'}
[0.600229] (-) TimerEvent: {}
[0.700476] (-) TimerEvent: {}
[0.730714] (tuna) StdoutLine: {'line': b'-- Detecting CXX compiler ABI info - done\n'}
[0.751619] (tuna) StdoutLine: {'line': b'-- Check for working CXX compiler: /usr/bin/c++ - skipped\n'}
[0.752217] (tuna) StdoutLine: {'line': b'-- Detecting CXX compile features\n'}
[0.752863] (tuna) StdoutLine: {'line': b'-- Detecting CXX compile features - done\n'}
[0.761488] (tuna) StdoutLine: {'line': b'-- Found ament_cmake: 1.3.12 (/opt/ros/humble/share/ament_cmake/cmake)\n'}
[0.800574] (-) TimerEvent: {}
[0.900799] (-) TimerEvent: {}
[1.001025] (-) TimerEvent: {}
[1.037547] (tuna) StdoutLine: {'line': b'-- Found Python3: /usr/bin/python3 (found version "3.10.12") found components: Interpreter \n'}
[1.101144] (-) TimerEvent: {}
[1.201394] (-) TimerEvent: {}
[1.215850] (tuna) StdoutLine: {'line': b'-- Found ament_lint_auto: 0.12.14 (/opt/ros/humble/share/ament_lint_auto/cmake)\n'}
[1.301544] (-) TimerEvent: {}
[1.368479] (tuna) StdoutLine: {'line': b"-- Added test 'cppcheck' to perform static code analysis on C / C++ code\n"}
[1.368818] (tuna) StdoutLine: {'line': b'-- Configured cppcheck include dirs: \n'}
[1.368935] (tuna) StdoutLine: {'line': b'-- Configured cppcheck exclude dirs and/or files: \n'}
[1.369287] (tuna) StdoutLine: {'line': b"-- Added test 'flake8' to check Python code syntax and style conventions\n"}
[1.370706] (tuna) StdoutLine: {'line': b"-- Added test 'lint_cmake' to check CMake code style\n"}
[1.372395] (tuna) StdoutLine: {'line': b"-- Added test 'pep257' to check Python code against some of the docstring style conventions in PEP 257\n"}
[1.375098] (tuna) StdoutLine: {'line': b"-- Added test 'uncrustify' to check C / C++ code style\n"}
[1.375439] (tuna) StdoutLine: {'line': b'-- Configured uncrustify additional arguments: \n'}
[1.376445] (tuna) StdoutLine: {'line': b"-- Added test 'xmllint' to check XML markup files\n"}
[1.380195] (tuna) StdoutLine: {'line': b'-- Configuring done\n'}
[1.385494] (tuna) StdoutLine: {'line': b'-- Generating done\n'}
[1.388356] (tuna) StdoutLine: {'line': b'-- Build files have been written to: /home/kwaii/zpm/build/tuna\n'}
[1.395485] (tuna) CommandEnded: {'returncode': 0}
[1.397075] (tuna) JobProgress: {'identifier': 'tuna', 'progress': 'build'}
[1.398479] (tuna) Command: {'cmd': ['/usr/bin/cmake', '--build', '/home/kwaii/zpm/build/tuna', '--', '-j8', '-l8'], 'cwd': '/home/kwaii/zpm/build/tuna', 'env': OrderedDict([('GJS_DEBUG_TOPICS', 'JS ERROR;JS LOG'), ('LESSOPEN', '| /usr/bin/lesspipe %s'), ('VSCODE_CWD', '/home/kwaii'), ('VSCODE_ESM_ENTRYPOINT', 'vs/workbench/api/node/extensionHostProcess'), ('USER', 'kwaii'), ('VSCODE_NLS_CONFIG', '{"userLocale":"en-us","osLocale":"en-us","resolvedLanguage":"en","defaultMessagesFile":"/usr/share/cursor/resources/app/out/nls.messages.json","locale":"en-us","availableLanguages":{}}'), ('VSCODE_HANDLES_UNCAUGHT_ERRORS', 'true'), ('XDG_SESSION_TYPE', 'x11'), ('SHLVL', '1'), ('LD_LIBRARY_PATH', '/usr/lib/x86_64-linux-gnu/gazebo-11/plugins:/opt/ros/humble/opt/rviz_ogre_vendor/lib:/opt/ros/humble/lib/x86_64-linux-gnu:/opt/ros/humble/lib'), ('HOME', '/home/kwaii'), ('CHROME_DESKTOP', 'cursor.desktop'), ('OLDPWD', '/home/kwaii/zpm'), ('DESKTOP_SESSION', 'ubuntu-xorg'), ('VSCODE_IPC_HOOK', '/run/user/1000/vscode-1c719ced-2.0.-main.sock'), ('GIO_LAUNCHED_DESKTOP_FILE', '/usr/share/applications/cursor.desktop'), ('ROS_PYTHON_VERSION', '3'), ('GNOME_SHELL_SESSION_MODE', 'ubuntu'), ('GTK_MODULES', 'gail:atk-bridge'), ('MANAGERPID', '1613'), ('SYSTEMD_EXEC_PID', '1963'), ('NO_COLOR', '1'), ('DBUS_SESSION_BUS_ADDRESS', 'unix:path=/run/user/1000/bus'), ('GIO_LAUNCHED_DESKTOP_FILE_PID', '4193'), ('VSCODE_CRASH_REPORTER_PROCESS_TYPE', 'extensionHost'), ('ROS_DISTRO', 'humble'), ('GTK_IM_MODULE', 'ibus'), ('LOGNAME', 'kwaii'), ('FORCE_COLOR', '0'), ('JOURNAL_STREAM', '8:13857'), ('_', '/home/kwaii/.local/bin/colcon'), ('ROS_VERSION', '2'), ('XDG_SESSION_CLASS', 'user'), ('USERNAME', 'kwaii'), ('TERM', 'dumb'), ('GNOME_DESKTOP_SESSION_ID', 'this-is-deprecated'), ('ROS_LOCALHOST_ONLY', '0'), ('COMPOSER_NO_INTERACTION', '1'), ('WINDOWPATH', '2'), ('PATH', '/home/kwaii/.local/bin:/opt/ros/humble/bin:/usr/local/sbin:/usr/local/bin:/usr/sbin:/usr/bin:/sbin:/bin:/usr/games:/usr/local/games:/snap/bin:/snap/bin'), ('SESSION_MANAGER', 'local/kwaii-TUF:@/tmp/.ICE-unix/1912,unix/kwaii-TUF:/tmp/.ICE-unix/1912'), ('INVOCATION_ID', '2428b3780c8b41dcab87430c82e2e103'), ('XDG_MENU_PREFIX', 'gnome-'), ('VSCODE_PROCESS_TITLE', 'extension-host  [1-1]'), ('XDG_RUNTIME_DIR', '/run/user/1000'), ('GDK_BACKEND', 'x11'), ('CURSOR_AGENT', '1'), ('DISPLAY', ':0'), ('LANG', 'en_US.UTF-8'), ('XDG_CURRENT_DESKTOP', 'Unity'), ('XMODIFIERS', '@im=ibus'), ('XDG_SESSION_DESKTOP', 'ubuntu-xorg'), ('XAUTHORITY', '/run/user/1000/gdm/Xauthority'), ('LS_COLORS', ''), ('CURSOR_TRACE_ID', 'ce771122ea9342149f80005a21f05ade'), ('SSH_AGENT_LAUNCHER', 'gnome-keyring'), ('SSH_AUTH_SOCK', '/run/user/1000/keyring/ssh'), ('AMENT_PREFIX_PATH', '/opt/ros/humble'), ('ORIGINAL_XDG_CURRENT_DESKTOP', 'ubuntu:GNOME'), ('SHELL', '/bin/bash'), ('QT_ACCESSIBILITY', '1'), ('GDMSESSION', 'ubuntu-xorg'), ('LESSCLOSE', '/usr/bin/lesspipe %s %s'), ('GPG_AGENT_INFO', '/run/user/1000/gnupg/S.gpg-agent:0:1'), ('GJS_DEBUG_OUTPUT', 'stderr'), ('QT_IM_MODULE', 'ibus'), ('PWD', '/home/kwaii/zpm/build/tuna'), ('LC_ALL', 'en_US.UTF-8'), ('XDG_CONFIG_DIRS', '/etc/xdg/xdg-ubuntu-xorg:/etc/xdg'), ('VSCODE_CODE_CACHE_PATH', '/home/kwaii/.config/Cursor/CachedData/45fd70f3fe72037444ba35c9e51ce86a1977ac10'), ('XDG_DATA_DIRS', '/usr/share/ubuntu-xorg:/usr/share/gnome:/home/kwaii/.local/share/flatpak/exports/share:/var/lib/flatpak/exports/share:/usr/local/share/:/usr/share/:/var/lib/snapd/desktop'), ('PYTHONPATH', '/opt/ros/humble/lib/python3.10/site-packages:/opt/ros/humble/local/lib/python3.10/dist-packages'), ('COLCON', '1'), ('VSCODE_PID', '4193'), ('CMAKE_PREFIX_PATH', '/opt/ros/humble')]), 'shell': False}
[1.401717] (-) TimerEvent: {}
[1.465892] (tuna) CommandEnded: {'returncode': 0}
[1.466918] (tuna) JobProgress: {'identifier': 'tuna', 'progress': 'install'}
[1.481110] (tuna) Command: {'cmd': ['/usr/bin/cmake', '--install', '/home/kwaii/zpm/build/tuna'], 'cwd': '/home/kwaii/zpm/build/tuna', 'env': OrderedDict([('GJS_DEBUG_TOPICS', 'JS ERROR;JS LOG'), ('LESSOPEN', '| /usr/bin/lesspipe %s'), ('VSCODE_CWD', '/home/kwaii'), ('VSCODE_ESM_ENTRYPOINT', 'vs/workbench/api/node/extensionHostProcess'), ('USER', 'kwaii'), ('VSCODE_NLS_CONFIG', '{"userLocale":"en-us","osLocale":"en-us","resolvedLanguage":"en","defaultMessagesFile":"/usr/share/cursor/resources/app/out/nls.messages.json","locale":"en-us","availableLanguages":{}}'), ('VSCODE_HANDLES_UNCAUGHT_ERRORS', 'true'), ('XDG_SESSION_TYPE', 'x11'), ('SHLVL', '1'), ('LD_LIBRARY_PATH', '/usr/lib/x86_64-linux-gnu/gazebo-11/plugins:/opt/ros/humble/opt/rviz_ogre_vendor/lib:/opt/ros/humble/lib/x86_64-linux-gnu:/opt/ros/humble/lib'), ('HOME', '/home/kwaii'), ('CHROME_DESKTOP', 'cursor.desktop'), ('OLDPWD', '/home/kwaii/zpm'), ('DESKTOP_SESSION', 'ubuntu-xorg'), ('VSCODE_IPC_HOOK', '/run/user/1000/vscode-1c719ced-2.0.-main.sock'), ('GIO_LAUNCHED_DESKTOP_FILE', '/usr/share/applications/cursor.desktop'), ('ROS_PYTHON_VERSION', '3'), ('GNOME_SHELL_SESSION_MODE', 'ubuntu'), ('GTK_MODULES', 'gail:atk-bridge'), ('MANAGERPID', '1613'), ('SYSTEMD_EXEC_PID', '1963'), ('NO_COLOR', '1'), ('DBUS_SESSION_BUS_ADDRESS', 'unix:path=/run/user/1000/bus'), ('GIO_LAUNCHED_DESKTOP_FILE_PID', '4193'), ('VSCODE_CRASH_REPORTER_PROCESS_TYPE', 'extensionHost'), ('ROS_DISTRO', 'humble'), ('GTK_IM_MODULE', 'ibus'), ('LOGNAME', 'kwaii'), ('FORCE_COLOR', '0'), ('JOURNAL_STREAM', '8:13857'), ('_', '/home/kwaii/.local/bin/colcon'), ('ROS_VERSION', '2'), ('XDG_SESSION_CLASS', 'user'), ('USERNAME', 'kwaii'), ('TERM', 'dumb'), ('GNOME_DESKTOP_SESSION_ID', 'this-is-deprecated'), ('ROS_LOCALHOST_ONLY', '0'), ('COMPOSER_NO_INTERACTION', '1'), ('WINDOWPATH', '2'), ('PATH', '/home/kwaii/.local/bin:/opt/ros/humble/bin:/usr/local/sbin:/usr/local/bin:/usr/sbin:/usr/bin:/sbin:/bin:/usr/games:/usr/local/games:/snap/bin:/snap/bin'), ('SESSION_MANAGER', 'local/kwaii-TUF:@/tmp/.ICE-unix/1912,unix/kwaii-TUF:/tmp/.ICE-unix/1912'), ('INVOCATION_ID', '2428b3780c8b41dcab87430c82e2e103'), ('XDG_MENU_PREFIX', 'gnome-'), ('VSCODE_PROCESS_TITLE', 'extension-host  [1-1]'), ('XDG_RUNTIME_DIR', '/run/user/1000'), ('GDK_BACKEND', 'x11'), ('CURSOR_AGENT', '1'), ('DISPLAY', ':0'), ('LANG', 'en_US.UTF-8'), ('XDG_CURRENT_DESKTOP', 'Unity'), ('XMODIFIERS', '@im=ibus'), ('XDG_SESSION_DESKTOP', 'ubuntu-xorg'), ('XAUTHORITY', '/run/user/1000/gdm/Xauthority'), ('LS_COLORS', ''), ('CURSOR_TRACE_ID', 'ce771122ea9342149f80005a21f05ade'), ('SSH_AGENT_LAUNCHER', 'gnome-keyring'), ('SSH_AUTH_SOCK', '/run/user/1000/keyring/ssh'), ('AMENT_PREFIX_PATH', '/opt/ros/humble'), ('ORIGINAL_XDG_CURRENT_DESKTOP', 'ubuntu:GNOME'), ('SHELL', '/bin/bash'), ('QT_ACCESSIBILITY', '1'), ('GDMSESSION', 'ubuntu-xorg'), ('LESSCLOSE', '/usr/bin/lesspipe %s %s'), ('GPG_AGENT_INFO', '/run/user/1000/gnupg/S.gpg-agent:0:1'), ('GJS_DEBUG_OUTPUT', 'stderr'), ('QT_IM_MODULE', 'ibus'), ('PWD', '/home/kwaii/zpm/build/tuna'), ('LC_ALL', 'en_US.UTF-8'), ('XDG_CONFIG_DIRS', '/etc/xdg/xdg-ubuntu-xorg:/etc/xdg'), ('VSCODE_CODE_CACHE_PATH', '/home/kwaii/.config/Cursor/CachedData/45fd70f3fe72037444ba35c9e51ce86a1977ac10'), ('XDG_DATA_DIRS', '/usr/share/ubuntu-xorg:/usr/share/gnome:/home/kwaii/.local/share/flatpak/exports/share:/var/lib/flatpak/exports/share:/usr/local/share/:/usr/share/:/var/lib/snapd/desktop'), ('PYTHONPATH', '/opt/ros/humble/lib/python3.10/site-packages:/opt/ros/humble/local/lib/python3.10/dist-packages'), ('COLCON', '1'), ('VSCODE_PID', '4193'), ('CMAKE_PREFIX_PATH', '/opt/ros/humble')]), 'shell': False}
[1.493569] (tuna) StdoutLine: {'line': b'-- Install configuration: ""\n'}
[1.493972] (tuna) StdoutLine: {'line': b'-- Installing: /home/kwaii/zpm/install/tuna/share/ament_index/resource_index/package_run_dependencies/tuna\n'}
[1.494307] (tuna) StdoutLine: {'line': b'-- Installing: /home/kwaii/zpm/install/tuna/share/ament_index/resource_index/parent_prefix_path/tuna\n'}
[1.494966] (tuna) StdoutLine: {'line': b'-- Installing: /home/kwaii/zpm/install/tuna/share/tuna/environment/ament_prefix_path.sh\n'}
[1.495663] (tuna) StdoutLine: {'line': b'-- Installing: /home/kwaii/zpm/install/tuna/share/tuna/environment/ament_prefix_path.dsv\n'}
[1.497287] (tuna) StdoutLine: {'line': b'-- Installing: /home/kwaii/zpm/install/tuna/share/tuna/environment/path.sh\n'}
[1.498138] (tuna) StdoutLine: {'line': b'-- Installing: /home/kwaii/zpm/install/tuna/share/tuna/environment/path.dsv\n'}
[1.498628] (tuna) StdoutLine: {'line': b'-- Installing: /home/kwaii/zpm/install/tuna/share/tuna/local_setup.bash\n'}
[1.498790] (tuna) StdoutLine: {'line': b'-- Installing: /home/kwaii/zpm/install/tuna/share/tuna/local_setup.sh\n'}
[1.498932] (tuna) StdoutLine: {'line': b'-- Installing: /home/kwaii/zpm/install/tuna/share/tuna/local_setup.zsh\n'}
[1.499019] (tuna) StdoutLine: {'line': b'-- Installing: /home/kwaii/zpm/install/tuna/share/tuna/local_setup.dsv\n'}
[1.499133] (tuna) StdoutLine: {'line': b'-- Installing: /home/kwaii/zpm/install/tuna/share/tuna/package.dsv\n'}
[1.499225] (tuna) StdoutLine: {'line': b'-- Installing: /home/kwaii/zpm/install/tuna/share/ament_index/resource_index/packages/tuna\n'}
[1.499606] (tuna) StdoutLine: {'line': b'-- Installing: /home/kwaii/zpm/install/tuna/share/tuna/cmake/tunaConfig.cmake\n'}
[1.499778] (tuna) StdoutLine: {'line': b'-- Installing: /home/kwaii/zpm/install/tuna/share/tuna/cmake/tunaConfig-version.cmake\n'}
[1.499890] (tuna) StdoutLine: {'line': b'-- Installing: /home/kwaii/zpm/install/tuna/share/tuna/package.xml\n'}
[1.501853] (-) TimerEvent: {}
[1.502944] (tuna) CommandEnded: {'returncode': 0}
[1.535243] (tuna) JobEnded: {'identifier': 'tuna', 'rc': 0}
[1.536404] (-) EventReactorShutdown: {}
