[0.000000] (-) TimerEvent: {}
[0.000222] (-) JobUnselected: {'identifier': 'cv_server'}
[0.000260] (-) JobUnselected: {'identifier': 'shared'}
[0.000287] (tuna) JobQueued: {'identifier': 'tuna', 'dependencies': OrderedDict()}
[0.000753] (tuna) JobStarted: {'identifier': 'tuna'}
[0.015498] (tuna) JobProgress: {'identifier': 'tuna', 'progress': 'cmake'}
[0.016241] (tuna) JobProgress: {'identifier': 'tuna', 'progress': 'build'}
[0.017375] (tuna) Command: {'cmd': ['/usr/bin/cmake', '--build', '/home/kwaii/zpm/build/tuna', '--', '-j8', '-l8'], 'cwd': '/home/kwaii/zpm/build/tuna', 'env': OrderedDict([('GJS_DEBUG_TOPICS', 'JS ERROR;JS LOG'), ('LESSOPEN', '| /usr/bin/lesspipe %s'), ('VSCODE_CWD', '/home/kwaii'), ('VSCODE_ESM_ENTRYPOINT', 'vs/workbench/api/node/extensionHostProcess'), ('USER', 'kwaii'), ('VSCODE_NLS_CONFIG', '{"userLocale":"en-us","osLocale":"en-us","resolvedLanguage":"en","defaultMessagesFile":"/usr/share/cursor/resources/app/out/nls.messages.json","locale":"en-us","availableLanguages":{}}'), ('VSCODE_HANDLES_UNCAUGHT_ERRORS', 'true'), ('XDG_SESSION_TYPE', 'x11'), ('SHLVL', '1'), ('LD_LIBRARY_PATH', '/usr/lib/x86_64-linux-gnu/gazebo-11/plugins:/opt/ros/humble/opt/rviz_ogre_vendor/lib:/opt/ros/humble/lib/x86_64-linux-gnu:/opt/ros/humble/lib'), ('HOME', '/home/kwaii'), ('CHROME_DESKTOP', 'cursor.desktop'), ('OLDPWD', '/home/kwaii/zpm'), ('DESKTOP_SESSION', 'ubuntu-xorg'), ('VSCODE_IPC_HOOK', '/run/user/1000/vscode-1c719ced-2.0.-main.sock'), ('GIO_LAUNCHED_DESKTOP_FILE', '/usr/share/applications/cursor.desktop'), ('ROS_PYTHON_VERSION', '3'), ('GNOME_SHELL_SESSION_MODE', 'ubuntu'), ('GTK_MODULES', 'gail:atk-bridge'), ('MANAGERPID', '1613'), ('SYSTEMD_EXEC_PID', '1963'), ('NO_COLOR', '1'), ('DBUS_SESSION_BUS_ADDRESS', 'unix:path=/run/user/1000/bus'), ('GIO_LAUNCHED_DESKTOP_FILE_PID', '4193'), ('VSCODE_CRASH_REPORTER_PROCESS_TYPE', 'extensionHost'), ('VSCODE_L10N_BUNDLE_LOCATION', ''), ('COLCON_PREFIX_PATH', '/home/kwaii/zpm/install'), ('ROS_DISTRO', 'humble'), ('GTK_IM_MODULE', 'ibus'), ('LOGNAME', 'kwaii'), ('FORCE_COLOR', '0'), ('JOURNAL_STREAM', '8:13857'), ('_', '/home/kwaii/.local/bin/colcon'), ('ROS_VERSION', '2'), ('XDG_SESSION_CLASS', 'user'), ('USERNAME', 'kwaii'), ('TERM', 'dumb'), ('GNOME_DESKTOP_SESSION_ID', 'this-is-deprecated'), ('ROS_LOCALHOST_ONLY', '0'), ('COMPOSER_NO_INTERACTION', '1'), ('WINDOWPATH', '2'), ('PATH', '/home/kwaii/.local/bin:/home/kwaii/.local/bin:/home/kwaii/.local/bin:/home/kwaii/.local/bin:/home/kwaii/.local/bin:/opt/ros/humble/bin:/usr/local/sbin:/usr/local/bin:/usr/sbin:/usr/bin:/sbin:/bin:/usr/games:/usr/local/games:/snap/bin:/snap/bin'), ('SESSION_MANAGER', 'local/kwaii-TUF:@/tmp/.ICE-unix/1912,unix/kwaii-TUF:/tmp/.ICE-unix/1912'), ('INVOCATION_ID', '2428b3780c8b41dcab87430c82e2e103'), ('XDG_MENU_PREFIX', 'gnome-'), ('VSCODE_PROCESS_TITLE', 'extension-host  [1-1]'), ('XDG_RUNTIME_DIR', '/run/user/1000'), ('GDK_BACKEND', 'x11'), ('CURSOR_AGENT', '1'), ('DISPLAY', ':0'), ('LANG', 'en_US.UTF-8'), ('XDG_CURRENT_DESKTOP', 'Unity'), ('XMODIFIERS', '@im=ibus'), ('XDG_SESSION_DESKTOP', 'ubuntu-xorg'), ('XAUTHORITY', '/run/user/1000/gdm/Xauthority'), ('LS_COLORS', ''), ('CURSOR_TRACE_ID', 'ce771122ea9342149f80005a21f05ade'), ('SSH_AGENT_LAUNCHER', 'gnome-keyring'), ('SSH_AUTH_SOCK', '/run/user/1000/keyring/ssh'), ('AMENT_PREFIX_PATH', '/home/kwaii/zpm/install/tuna:/opt/ros/humble'), ('ORIGINAL_XDG_CURRENT_DESKTOP', 'ubuntu:GNOME'), ('SHELL', '/bin/bash'), ('QT_ACCESSIBILITY', '1'), ('GDMSESSION', 'ubuntu-xorg'), ('LESSCLOSE', '/usr/bin/lesspipe %s %s'), ('GPG_AGENT_INFO', '/run/user/1000/gnupg/S.gpg-agent:0:1'), ('GJS_DEBUG_OUTPUT', 'stderr'), ('QT_IM_MODULE', 'ibus'), ('PWD', '/home/kwaii/zpm/build/tuna'), ('LC_ALL', 'en_US.UTF-8'), ('XDG_CONFIG_DIRS', '/etc/xdg/xdg-ubuntu-xorg:/etc/xdg'), ('VSCODE_CODE_CACHE_PATH', '/home/kwaii/.config/Cursor/CachedData/45fd70f3fe72037444ba35c9e51ce86a1977ac10'), ('XDG_DATA_DIRS', '/usr/share/ubuntu-xorg:/usr/share/gnome:/home/kwaii/.local/share/flatpak/exports/share:/var/lib/flatpak/exports/share:/usr/local/share/:/usr/share/:/var/lib/snapd/desktop'), ('PYTHONPATH', '/opt/ros/humble/lib/python3.10/site-packages:/opt/ros/humble/local/lib/python3.10/dist-packages'), ('COLCON', '1'), ('CMAKE_PREFIX_PATH', '/home/kwaii/zpm/install/tuna:/opt/ros/humble'), ('VSCODE_PID', '4193')]), 'shell': False}
[0.087937] (tuna) CommandEnded: {'returncode': 0}
[0.089297] (tuna) JobProgress: {'identifier': 'tuna', 'progress': 'install'}
[0.099513] (-) TimerEvent: {}
[0.102782] (tuna) Command: {'cmd': ['/usr/bin/cmake', '--install', '/home/kwaii/zpm/build/tuna'], 'cwd': '/home/kwaii/zpm/build/tuna', 'env': OrderedDict([('GJS_DEBUG_TOPICS', 'JS ERROR;JS LOG'), ('LESSOPEN', '| /usr/bin/lesspipe %s'), ('VSCODE_CWD', '/home/kwaii'), ('VSCODE_ESM_ENTRYPOINT', 'vs/workbench/api/node/extensionHostProcess'), ('USER', 'kwaii'), ('VSCODE_NLS_CONFIG', '{"userLocale":"en-us","osLocale":"en-us","resolvedLanguage":"en","defaultMessagesFile":"/usr/share/cursor/resources/app/out/nls.messages.json","locale":"en-us","availableLanguages":{}}'), ('VSCODE_HANDLES_UNCAUGHT_ERRORS', 'true'), ('XDG_SESSION_TYPE', 'x11'), ('SHLVL', '1'), ('LD_LIBRARY_PATH', '/usr/lib/x86_64-linux-gnu/gazebo-11/plugins:/opt/ros/humble/opt/rviz_ogre_vendor/lib:/opt/ros/humble/lib/x86_64-linux-gnu:/opt/ros/humble/lib'), ('HOME', '/home/kwaii'), ('CHROME_DESKTOP', 'cursor.desktop'), ('OLDPWD', '/home/kwaii/zpm'), ('DESKTOP_SESSION', 'ubuntu-xorg'), ('VSCODE_IPC_HOOK', '/run/user/1000/vscode-1c719ced-2.0.-main.sock'), ('GIO_LAUNCHED_DESKTOP_FILE', '/usr/share/applications/cursor.desktop'), ('ROS_PYTHON_VERSION', '3'), ('GNOME_SHELL_SESSION_MODE', 'ubuntu'), ('GTK_MODULES', 'gail:atk-bridge'), ('MANAGERPID', '1613'), ('SYSTEMD_EXEC_PID', '1963'), ('NO_COLOR', '1'), ('DBUS_SESSION_BUS_ADDRESS', 'unix:path=/run/user/1000/bus'), ('GIO_LAUNCHED_DESKTOP_FILE_PID', '4193'), ('VSCODE_CRASH_REPORTER_PROCESS_TYPE', 'extensionHost'), ('VSCODE_L10N_BUNDLE_LOCATION', ''), ('COLCON_PREFIX_PATH', '/home/kwaii/zpm/install'), ('ROS_DISTRO', 'humble'), ('GTK_IM_MODULE', 'ibus'), ('LOGNAME', 'kwaii'), ('FORCE_COLOR', '0'), ('JOURNAL_STREAM', '8:13857'), ('_', '/home/kwaii/.local/bin/colcon'), ('ROS_VERSION', '2'), ('XDG_SESSION_CLASS', 'user'), ('USERNAME', 'kwaii'), ('TERM', 'dumb'), ('GNOME_DESKTOP_SESSION_ID', 'this-is-deprecated'), ('ROS_LOCALHOST_ONLY', '0'), ('COMPOSER_NO_INTERACTION', '1'), ('WINDOWPATH', '2'), ('PATH', '/home/kwaii/.local/bin:/home/kwaii/.local/bin:/home/kwaii/.local/bin:/home/kwaii/.local/bin:/home/kwaii/.local/bin:/opt/ros/humble/bin:/usr/local/sbin:/usr/local/bin:/usr/sbin:/usr/bin:/sbin:/bin:/usr/games:/usr/local/games:/snap/bin:/snap/bin'), ('SESSION_MANAGER', 'local/kwaii-TUF:@/tmp/.ICE-unix/1912,unix/kwaii-TUF:/tmp/.ICE-unix/1912'), ('INVOCATION_ID', '2428b3780c8b41dcab87430c82e2e103'), ('XDG_MENU_PREFIX', 'gnome-'), ('VSCODE_PROCESS_TITLE', 'extension-host  [1-1]'), ('XDG_RUNTIME_DIR', '/run/user/1000'), ('GDK_BACKEND', 'x11'), ('CURSOR_AGENT', '1'), ('DISPLAY', ':0'), ('LANG', 'en_US.UTF-8'), ('XDG_CURRENT_DESKTOP', 'Unity'), ('XMODIFIERS', '@im=ibus'), ('XDG_SESSION_DESKTOP', 'ubuntu-xorg'), ('XAUTHORITY', '/run/user/1000/gdm/Xauthority'), ('LS_COLORS', ''), ('CURSOR_TRACE_ID', 'ce771122ea9342149f80005a21f05ade'), ('SSH_AGENT_LAUNCHER', 'gnome-keyring'), ('SSH_AUTH_SOCK', '/run/user/1000/keyring/ssh'), ('AMENT_PREFIX_PATH', '/home/kwaii/zpm/install/tuna:/opt/ros/humble'), ('ORIGINAL_XDG_CURRENT_DESKTOP', 'ubuntu:GNOME'), ('SHELL', '/bin/bash'), ('QT_ACCESSIBILITY', '1'), ('GDMSESSION', 'ubuntu-xorg'), ('LESSCLOSE', '/usr/bin/lesspipe %s %s'), ('GPG_AGENT_INFO', '/run/user/1000/gnupg/S.gpg-agent:0:1'), ('GJS_DEBUG_OUTPUT', 'stderr'), ('QT_IM_MODULE', 'ibus'), ('PWD', '/home/kwaii/zpm/build/tuna'), ('LC_ALL', 'en_US.UTF-8'), ('XDG_CONFIG_DIRS', '/etc/xdg/xdg-ubuntu-xorg:/etc/xdg'), ('VSCODE_CODE_CACHE_PATH', '/home/kwaii/.config/Cursor/CachedData/45fd70f3fe72037444ba35c9e51ce86a1977ac10'), ('XDG_DATA_DIRS', '/usr/share/ubuntu-xorg:/usr/share/gnome:/home/kwaii/.local/share/flatpak/exports/share:/var/lib/flatpak/exports/share:/usr/local/share/:/usr/share/:/var/lib/snapd/desktop'), ('PYTHONPATH', '/opt/ros/humble/lib/python3.10/site-packages:/opt/ros/humble/local/lib/python3.10/dist-packages'), ('COLCON', '1'), ('CMAKE_PREFIX_PATH', '/home/kwaii/zpm/install/tuna:/opt/ros/humble'), ('VSCODE_PID', '4193')]), 'shell': False}
[0.117790] (tuna) StdoutLine: {'line': b'-- Install configuration: ""\n'}
[0.118249] (tuna) StdoutLine: {'line': b'-- Up-to-date: /home/kwaii/zpm/install/tuna/share/tuna/launch\n'}
[0.118368] (tuna) StdoutLine: {'line': b'-- Installing: /home/kwaii/zpm/install/tuna/share/tuna/launch/sim_garden.launch.py\n'}
[0.118473] (tuna) StdoutLine: {'line': b'-- Up-to-date: /home/kwaii/zpm/install/tuna/share/tuna/launch/robot.launch.py\n'}
[0.118923] (tuna) StdoutLine: {'line': b'-- Up-to-date: /home/kwaii/zpm/install/tuna/share/tuna/urdf\n'}
[0.119042] (tuna) StdoutLine: {'line': b'-- Up-to-date: /home/kwaii/zpm/install/tuna/share/tuna/urdf/zpm_robot.urdf.xacro\n'}
[0.119151] (tuna) StdoutLine: {'line': b'-- Up-to-date: /home/kwaii/zpm/install/tuna/share/tuna/worlds\n'}
[0.119253] (tuna) StdoutLine: {'line': b'-- Installing: /home/kwaii/zpm/install/tuna/share/tuna/worlds/simWorld.sdf\n'}
[0.119978] (tuna) StdoutLine: {'line': b'-- Up-to-date: /home/kwaii/zpm/install/tuna/share/ament_index/resource_index/package_run_dependencies/tuna\n'}
[0.120098] (tuna) StdoutLine: {'line': b'-- Up-to-date: /home/kwaii/zpm/install/tuna/share/ament_index/resource_index/parent_prefix_path/tuna\n'}
[0.120191] (tuna) StdoutLine: {'line': b'-- Up-to-date: /home/kwaii/zpm/install/tuna/share/tuna/environment/ament_prefix_path.sh\n'}
[0.120279] (tuna) StdoutLine: {'line': b'-- Up-to-date: /home/kwaii/zpm/install/tuna/share/tuna/environment/ament_prefix_path.dsv\n'}
[0.120360] (tuna) StdoutLine: {'line': b'-- Up-to-date: /home/kwaii/zpm/install/tuna/share/tuna/environment/path.sh\n'}
[0.120441] (tuna) StdoutLine: {'line': b'-- Up-to-date: /home/kwaii/zpm/install/tuna/share/tuna/environment/path.dsv\n'}
[0.120521] (tuna) StdoutLine: {'line': b'-- Up-to-date: /home/kwaii/zpm/install/tuna/share/tuna/local_setup.bash\n'}
[0.120606] (tuna) StdoutLine: {'line': b'-- Up-to-date: /home/kwaii/zpm/install/tuna/share/tuna/local_setup.sh\n'}
[0.120719] (tuna) StdoutLine: {'line': b'-- Up-to-date: /home/kwaii/zpm/install/tuna/share/tuna/local_setup.zsh\n'}
[0.120804] (tuna) StdoutLine: {'line': b'-- Up-to-date: /home/kwaii/zpm/install/tuna/share/tuna/local_setup.dsv\n'}
[0.120888] (tuna) StdoutLine: {'line': b'-- Up-to-date: /home/kwaii/zpm/install/tuna/share/tuna/package.dsv\n'}
[0.120977] (tuna) StdoutLine: {'line': b'-- Up-to-date: /home/kwaii/zpm/install/tuna/share/ament_index/resource_index/packages/tuna\n'}
[0.121063] (tuna) StdoutLine: {'line': b'-- Up-to-date: /home/kwaii/zpm/install/tuna/share/tuna/cmake/tunaConfig.cmake\n'}
[0.121145] (tuna) StdoutLine: {'line': b'-- Up-to-date: /home/kwaii/zpm/install/tuna/share/tuna/cmake/tunaConfig-version.cmake\n'}
[0.121228] (tuna) StdoutLine: {'line': b'-- Up-to-date: /home/kwaii/zpm/install/tuna/share/tuna/package.xml\n'}
[0.122744] (tuna) CommandEnded: {'returncode': 0}
[0.162163] (tuna) JobEnded: {'identifier': 'tuna', 'rc': 0}
[0.163927] (-) EventReactorShutdown: {}
