[0.175s] DEBUG:colcon:Command line arguments: ['/home/kwaii/.local/bin/colcon', 'build', '--packages-select', 'tuna']
[0.176s] DEBUG:colcon:Parsed command line arguments: Namespace(log_base=None, log_level=None, verb_name='build', build_base='build', install_base='install', merge_install=False, symlink_install=False, test_result_base=None, continue_on_error=False, executor='parallel', parallel_workers=8, event_handlers=None, ignore_user_meta=False, metas=['./colcon.meta'], base_paths=['.'], packages_ignore=None, packages_ignore_regex=None, paths=None, packages_up_to=None, packages_up_to_regex=None, packages_above=None, packages_above_and_dependencies=None, packages_above_depth=None, packages_select_by_dep=None, packages_skip_by_dep=None, packages_skip_up_to=None, packages_select_build_failed=False, packages_skip_build_finished=False, packages_select_test_failures=False, packages_skip_test_passed=False, packages_select=['tuna'], packages_skip=None, packages_select_regex=None, packages_skip_regex=None, packages_start=None, packages_end=None, cmake_args=None, cmake_target=None, cmake_target_skip_unavailable=False, cmake_clean_cache=False, cmake_clean_first=False, cmake_force_configure=False, ament_cmake_args=None, catkin_cmake_args=None, catkin_skip_building_tests=False, verb_parser=<colcon_defaults.argument_parser.defaults.DefaultArgumentsDecorator object at 0x7d49bc6bf160>, verb_extension=<colcon_core.verb.build.BuildVerb object at 0x7d49bc80ab60>, main=<bound method BuildVerb.main of <colcon_core.verb.build.BuildVerb object at 0x7d49bc80ab60>>)
[0.375s] Level 1:colcon.colcon_core.package_discovery:discover_packages(colcon_meta) check parameters
[0.375s] Level 1:colcon.colcon_core.package_discovery:discover_packages(recursive) check parameters
[0.375s] Level 1:colcon.colcon_core.package_discovery:discover_packages(ignore) check parameters
[0.375s] Level 1:colcon.colcon_core.package_discovery:discover_packages(path) check parameters
[0.375s] Level 1:colcon.colcon_core.package_discovery:discover_packages(colcon_meta) discover
[0.375s] Level 1:colcon.colcon_core.package_discovery:discover_packages(recursive) discover
[0.375s] INFO:colcon.colcon_core.package_discovery:Crawling recursively for packages in '/home/kwaii/zpm'
[0.375s] Level 1:colcon.colcon_core.package_identification:_identify(.) by extensions ['ignore', 'ignore_ament_install']
[0.375s] Level 1:colcon.colcon_core.package_identification:_identify(.) by extension 'ignore'
[0.375s] Level 1:colcon.colcon_core.package_identification:_identify(.) by extension 'ignore_ament_install'
[0.375s] Level 1:colcon.colcon_core.package_identification:_identify(.) by extensions ['colcon_pkg']
[0.375s] Level 1:colcon.colcon_core.package_identification:_identify(.) by extension 'colcon_pkg'
[0.376s] Level 1:colcon.colcon_core.package_identification:_identify(.) by extensions ['colcon_meta']
[0.376s] Level 1:colcon.colcon_core.package_identification:_identify(.) by extension 'colcon_meta'
[0.376s] Level 1:colcon.colcon_core.package_identification:_identify(.) by extensions ['ros']
[0.376s] Level 1:colcon.colcon_core.package_identification:_identify(.) by extension 'ros'
[0.392s] Level 1:colcon.colcon_core.package_identification:_identify(.) by extensions ['cmake', 'python']
[0.392s] Level 1:colcon.colcon_core.package_identification:_identify(.) by extension 'cmake'
[0.392s] Level 1:colcon.colcon_core.package_identification:_identify(.) by extension 'python'
[0.392s] Level 1:colcon.colcon_core.package_identification:_identify(.) by extensions ['python_setup_py']
[0.392s] Level 1:colcon.colcon_core.package_identification:_identify(.) by extension 'python_setup_py'
[0.392s] Level 1:colcon.colcon_core.package_identification:_identify(build) by extensions ['ignore', 'ignore_ament_install']
[0.392s] Level 1:colcon.colcon_core.package_identification:_identify(build) by extension 'ignore'
[0.392s] Level 1:colcon.colcon_core.package_identification:_identify(build) ignored
[0.392s] Level 1:colcon.colcon_core.package_identification:_identify(install) by extensions ['ignore', 'ignore_ament_install']
[0.392s] Level 1:colcon.colcon_core.package_identification:_identify(install) by extension 'ignore'
[0.393s] Level 1:colcon.colcon_core.package_identification:_identify(install) ignored
[0.393s] Level 1:colcon.colcon_core.package_identification:_identify(log) by extensions ['ignore', 'ignore_ament_install']
[0.393s] Level 1:colcon.colcon_core.package_identification:_identify(log) by extension 'ignore'
[0.393s] Level 1:colcon.colcon_core.package_identification:_identify(log) ignored
[0.393s] Level 1:colcon.colcon_core.package_identification:_identify(src) by extensions ['ignore', 'ignore_ament_install']
[0.393s] Level 1:colcon.colcon_core.package_identification:_identify(src) by extension 'ignore'
[0.393s] Level 1:colcon.colcon_core.package_identification:_identify(src) by extension 'ignore_ament_install'
[0.393s] Level 1:colcon.colcon_core.package_identification:_identify(src) by extensions ['colcon_pkg']
[0.393s] Level 1:colcon.colcon_core.package_identification:_identify(src) by extension 'colcon_pkg'
[0.393s] Level 1:colcon.colcon_core.package_identification:_identify(src) by extensions ['colcon_meta']
[0.393s] Level 1:colcon.colcon_core.package_identification:_identify(src) by extension 'colcon_meta'
[0.393s] Level 1:colcon.colcon_core.package_identification:_identify(src) by extensions ['ros']
[0.393s] Level 1:colcon.colcon_core.package_identification:_identify(src) by extension 'ros'
[0.393s] Level 1:colcon.colcon_core.package_identification:_identify(src) by extensions ['cmake', 'python']
[0.393s] Level 1:colcon.colcon_core.package_identification:_identify(src) by extension 'cmake'
[0.393s] Level 1:colcon.colcon_core.package_identification:_identify(src) by extension 'python'
[0.393s] Level 1:colcon.colcon_core.package_identification:_identify(src) by extensions ['python_setup_py']
[0.394s] Level 1:colcon.colcon_core.package_identification:_identify(src) by extension 'python_setup_py'
[0.394s] Level 1:colcon.colcon_core.package_identification:_identify(src/cv_server) by extensions ['ignore', 'ignore_ament_install']
[0.394s] Level 1:colcon.colcon_core.package_identification:_identify(src/cv_server) by extension 'ignore'
[0.394s] Level 1:colcon.colcon_core.package_identification:_identify(src/cv_server) by extension 'ignore_ament_install'
[0.394s] Level 1:colcon.colcon_core.package_identification:_identify(src/cv_server) by extensions ['colcon_pkg']
[0.394s] Level 1:colcon.colcon_core.package_identification:_identify(src/cv_server) by extension 'colcon_pkg'
[0.394s] Level 1:colcon.colcon_core.package_identification:_identify(src/cv_server) by extensions ['colcon_meta']
[0.394s] Level 1:colcon.colcon_core.package_identification:_identify(src/cv_server) by extension 'colcon_meta'
[0.394s] Level 1:colcon.colcon_core.package_identification:_identify(src/cv_server) by extensions ['ros']
[0.394s] Level 1:colcon.colcon_core.package_identification:_identify(src/cv_server) by extension 'ros'
[0.398s] DEBUG:colcon.colcon_core.package_identification:Package 'src/cv_server' with type 'ros.ament_cmake' and name 'cv_server'
[0.398s] Level 1:colcon.colcon_core.package_identification:_identify(src/shared) by extensions ['ignore', 'ignore_ament_install']
[0.398s] Level 1:colcon.colcon_core.package_identification:_identify(src/shared) by extension 'ignore'
[0.398s] Level 1:colcon.colcon_core.package_identification:_identify(src/shared) by extension 'ignore_ament_install'
[0.398s] Level 1:colcon.colcon_core.package_identification:_identify(src/shared) by extensions ['colcon_pkg']
[0.398s] Level 1:colcon.colcon_core.package_identification:_identify(src/shared) by extension 'colcon_pkg'
[0.398s] Level 1:colcon.colcon_core.package_identification:_identify(src/shared) by extensions ['colcon_meta']
[0.398s] Level 1:colcon.colcon_core.package_identification:_identify(src/shared) by extension 'colcon_meta'
[0.398s] Level 1:colcon.colcon_core.package_identification:_identify(src/shared) by extensions ['ros']
[0.398s] Level 1:colcon.colcon_core.package_identification:_identify(src/shared) by extension 'ros'
[0.399s] DEBUG:colcon.colcon_core.package_identification:Package 'src/shared' with type 'ros.ament_cmake' and name 'shared'
[0.400s] Level 1:colcon.colcon_core.package_identification:_identify(src/tuna) by extensions ['ignore', 'ignore_ament_install']
[0.400s] Level 1:colcon.colcon_core.package_identification:_identify(src/tuna) by extension 'ignore'
[0.400s] Level 1:colcon.colcon_core.package_identification:_identify(src/tuna) by extension 'ignore_ament_install'
[0.400s] Level 1:colcon.colcon_core.package_identification:_identify(src/tuna) by extensions ['colcon_pkg']
[0.400s] Level 1:colcon.colcon_core.package_identification:_identify(src/tuna) by extension 'colcon_pkg'
[0.400s] Level 1:colcon.colcon_core.package_identification:_identify(src/tuna) by extensions ['colcon_meta']
[0.400s] Level 1:colcon.colcon_core.package_identification:_identify(src/tuna) by extension 'colcon_meta'
[0.400s] Level 1:colcon.colcon_core.package_identification:_identify(src/tuna) by extensions ['ros']
[0.400s] Level 1:colcon.colcon_core.package_identification:_identify(src/tuna) by extension 'ros'
[0.402s] DEBUG:colcon.colcon_core.package_identification:Package 'src/tuna' with type 'ros.ament_cmake' and name 'tuna'
[0.402s] Level 1:colcon.colcon_core.package_discovery:discover_packages(recursive) using defaults
[0.402s] Level 1:colcon.colcon_core.package_discovery:discover_packages(ignore) discover
[0.402s] Level 1:colcon.colcon_core.package_discovery:discover_packages(ignore) using defaults
[0.402s] Level 1:colcon.colcon_core.package_discovery:discover_packages(path) discover
[0.402s] Level 1:colcon.colcon_core.package_discovery:discover_packages(path) using defaults
[0.430s] INFO:colcon.colcon_core.package_selection:Skipping not selected package 'cv_server' in 'src/cv_server'
[0.430s] INFO:colcon.colcon_core.package_selection:Skipping not selected package 'shared' in 'src/shared'
[0.431s] Level 5:colcon.colcon_core.verb:set package 'tuna' build argument 'cmake_args' from command line to 'None'
[0.431s] Level 5:colcon.colcon_core.verb:set package 'tuna' build argument 'cmake_target' from command line to 'None'
[0.431s] Level 5:colcon.colcon_core.verb:set package 'tuna' build argument 'cmake_target_skip_unavailable' from command line to 'False'
[0.431s] Level 5:colcon.colcon_core.verb:set package 'tuna' build argument 'cmake_clean_cache' from command line to 'False'
[0.431s] Level 5:colcon.colcon_core.verb:set package 'tuna' build argument 'cmake_clean_first' from command line to 'False'
[0.431s] Level 5:colcon.colcon_core.verb:set package 'tuna' build argument 'cmake_force_configure' from command line to 'False'
[0.431s] Level 5:colcon.colcon_core.verb:set package 'tuna' build argument 'ament_cmake_args' from command line to 'None'
[0.431s] Level 5:colcon.colcon_core.verb:set package 'tuna' build argument 'catkin_cmake_args' from command line to 'None'
[0.431s] Level 5:colcon.colcon_core.verb:set package 'tuna' build argument 'catkin_skip_building_tests' from command line to 'False'
[0.431s] DEBUG:colcon.colcon_core.verb:Building package 'tuna' with the following arguments: {'ament_cmake_args': None, 'build_base': '/home/kwaii/zpm/build/tuna', 'catkin_cmake_args': None, 'catkin_skip_building_tests': False, 'cmake_args': None, 'cmake_clean_cache': False, 'cmake_clean_first': False, 'cmake_force_configure': False, 'cmake_target': None, 'cmake_target_skip_unavailable': False, 'install_base': '/home/kwaii/zpm/install/tuna', 'merge_install': False, 'path': '/home/kwaii/zpm/src/tuna', 'symlink_install': False, 'test_result_base': None}
[0.432s] INFO:colcon.colcon_core.executor:Executing jobs using 'parallel' executor
[0.433s] DEBUG:colcon.colcon_parallel_executor.executor.parallel:run_until_complete
[0.434s] INFO:colcon.colcon_ros.task.ament_cmake.build:Building ROS package in '/home/kwaii/zpm/src/tuna' with build type 'ament_cmake'
[0.434s] INFO:colcon.colcon_cmake.task.cmake.build:Building CMake package in '/home/kwaii/zpm/src/tuna'
[0.438s] INFO:colcon.colcon_core.plugin_system:Skipping extension 'colcon_core.shell.bat': Not used on non-Windows systems
[0.438s] INFO:colcon.colcon_core.shell:Skip shell extension 'powershell' for command environment: Not usable outside of PowerShell
[0.438s] DEBUG:colcon.colcon_core.shell:Skip shell extension 'dsv' for command environment
[0.454s] DEBUG:colcon.colcon_core.event_handler.log_command:Invoking command in '/home/kwaii/zpm/build/tuna': CMAKE_PREFIX_PATH=${CMAKE_PREFIX_PATH}:/opt/ros/humble /usr/bin/cmake --build /home/kwaii/zpm/build/tuna -- -j8 -l8
[0.523s] DEBUG:colcon.colcon_core.event_handler.log_command:Invoked command in '/home/kwaii/zpm/build/tuna' returned '0': CMAKE_PREFIX_PATH=${CMAKE_PREFIX_PATH}:/opt/ros/humble /usr/bin/cmake --build /home/kwaii/zpm/build/tuna -- -j8 -l8
[0.537s] DEBUG:colcon.colcon_core.event_handler.log_command:Invoking command in '/home/kwaii/zpm/build/tuna': CMAKE_PREFIX_PATH=${CMAKE_PREFIX_PATH}:/opt/ros/humble /usr/bin/cmake --install /home/kwaii/zpm/build/tuna
[0.553s] Level 1:colcon.colcon_core.environment:create_environment_scripts_only(tuna)
[0.554s] DEBUG:colcon.colcon_core.event_handler.log_command:Invoked command in '/home/kwaii/zpm/build/tuna' returned '0': CMAKE_PREFIX_PATH=${CMAKE_PREFIX_PATH}:/opt/ros/humble /usr/bin/cmake --install /home/kwaii/zpm/build/tuna
[0.556s] Level 1:colcon.colcon_core.environment:checking '/home/kwaii/zpm/install/tuna' for CMake module files
[0.557s] Level 1:colcon.colcon_core.environment:checking '/home/kwaii/zpm/install/tuna' for CMake config files
[0.557s] Level 1:colcon.colcon_core.shell:create_environment_hook('tuna', 'cmake_prefix_path')
[0.558s] INFO:colcon.colcon_core.shell:Creating environment hook '/home/kwaii/zpm/install/tuna/share/tuna/hook/cmake_prefix_path.ps1'
[0.558s] INFO:colcon.colcon_core.shell:Creating environment descriptor '/home/kwaii/zpm/install/tuna/share/tuna/hook/cmake_prefix_path.dsv'
[0.559s] INFO:colcon.colcon_core.shell:Creating environment hook '/home/kwaii/zpm/install/tuna/share/tuna/hook/cmake_prefix_path.sh'
[0.560s] Level 1:colcon.colcon_core.environment:checking '/home/kwaii/zpm/install/tuna/bin'
[0.560s] Level 1:colcon.colcon_core.environment:checking '/home/kwaii/zpm/install/tuna/lib/pkgconfig/tuna.pc'
[0.562s] Level 1:colcon.colcon_core.environment:checking '/home/kwaii/zpm/install/tuna/lib/python3.10/site-packages'
[0.563s] Level 1:colcon.colcon_core.environment:checking '/home/kwaii/zpm/install/tuna/bin'
[0.564s] INFO:colcon.colcon_core.shell:Creating package script '/home/kwaii/zpm/install/tuna/share/tuna/package.ps1'
[0.565s] INFO:colcon.colcon_core.shell:Creating package descriptor '/home/kwaii/zpm/install/tuna/share/tuna/package.dsv'
[0.566s] INFO:colcon.colcon_core.shell:Creating package script '/home/kwaii/zpm/install/tuna/share/tuna/package.sh'
[0.568s] INFO:colcon.colcon_core.shell:Creating package script '/home/kwaii/zpm/install/tuna/share/tuna/package.bash'
[0.569s] INFO:colcon.colcon_core.shell:Creating package script '/home/kwaii/zpm/install/tuna/share/tuna/package.zsh'
[0.570s] Level 1:colcon.colcon_core.environment:create_file_with_runtime_dependencies(/home/kwaii/zpm/install/tuna/share/colcon-core/packages/tuna)
[0.571s] Level 1:colcon.colcon_core.environment:create_environment_scripts_only(tuna)
[0.571s] Level 1:colcon.colcon_core.environment:checking '/home/kwaii/zpm/install/tuna' for CMake module files
[0.572s] Level 1:colcon.colcon_core.environment:checking '/home/kwaii/zpm/install/tuna' for CMake config files
[0.572s] Level 1:colcon.colcon_core.shell:create_environment_hook('tuna', 'cmake_prefix_path')
[0.572s] INFO:colcon.colcon_core.shell:Creating environment hook '/home/kwaii/zpm/install/tuna/share/tuna/hook/cmake_prefix_path.ps1'
[0.573s] INFO:colcon.colcon_core.shell:Creating environment descriptor '/home/kwaii/zpm/install/tuna/share/tuna/hook/cmake_prefix_path.dsv'
[0.573s] INFO:colcon.colcon_core.shell:Creating environment hook '/home/kwaii/zpm/install/tuna/share/tuna/hook/cmake_prefix_path.sh'
[0.574s] Level 1:colcon.colcon_core.environment:checking '/home/kwaii/zpm/install/tuna/bin'
[0.574s] Level 1:colcon.colcon_core.environment:checking '/home/kwaii/zpm/install/tuna/lib/pkgconfig/tuna.pc'
[0.574s] Level 1:colcon.colcon_core.environment:checking '/home/kwaii/zpm/install/tuna/lib/python3.10/site-packages'
[0.575s] Level 1:colcon.colcon_core.environment:checking '/home/kwaii/zpm/install/tuna/bin'
[0.575s] INFO:colcon.colcon_core.shell:Creating package script '/home/kwaii/zpm/install/tuna/share/tuna/package.ps1'
[0.576s] INFO:colcon.colcon_core.shell:Creating package descriptor '/home/kwaii/zpm/install/tuna/share/tuna/package.dsv'
[0.576s] INFO:colcon.colcon_core.shell:Creating package script '/home/kwaii/zpm/install/tuna/share/tuna/package.sh'
[0.577s] INFO:colcon.colcon_core.shell:Creating package script '/home/kwaii/zpm/install/tuna/share/tuna/package.bash'
[0.577s] INFO:colcon.colcon_core.shell:Creating package script '/home/kwaii/zpm/install/tuna/share/tuna/package.zsh'
[0.577s] Level 1:colcon.colcon_core.environment:create_file_with_runtime_dependencies(/home/kwaii/zpm/install/tuna/share/colcon-core/packages/tuna)
[0.578s] DEBUG:colcon.colcon_parallel_executor.executor.parallel:closing loop
[0.578s] DEBUG:colcon.colcon_parallel_executor.executor.parallel:loop closed
[0.578s] DEBUG:colcon.colcon_parallel_executor.executor.parallel:run_until_complete finished with '0'
[0.578s] DEBUG:colcon.colcon_core.event_reactor:joining thread
[0.593s] INFO:colcon.colcon_core.plugin_system:Skipping extension 'colcon_notification.desktop_notification.terminal_notifier': Not used on non-Darwin systems
[0.593s] INFO:colcon.colcon_core.plugin_system:Skipping extension 'colcon_notification.desktop_notification.win32': Not used on non-Windows systems
[0.594s] INFO:colcon.colcon_notification.desktop_notification:Sending desktop notification using 'notify2'
[0.627s] DEBUG:colcon.colcon_core.event_reactor:joined thread
[0.627s] INFO:colcon.colcon_core.shell:Creating prefix script '/home/kwaii/zpm/install/local_setup.ps1'
[0.631s] INFO:colcon.colcon_core.shell:Creating prefix util module '/home/kwaii/zpm/install/_local_setup_util_ps1.py'
[0.634s] INFO:colcon.colcon_core.shell:Creating prefix chain script '/home/kwaii/zpm/install/setup.ps1'
[0.636s] INFO:colcon.colcon_core.shell:Creating prefix script '/home/kwaii/zpm/install/local_setup.sh'
[0.638s] INFO:colcon.colcon_core.shell:Creating prefix util module '/home/kwaii/zpm/install/_local_setup_util_sh.py'
[0.639s] INFO:colcon.colcon_core.shell:Creating prefix chain script '/home/kwaii/zpm/install/setup.sh'
[0.641s] INFO:colcon.colcon_core.shell:Creating prefix script '/home/kwaii/zpm/install/local_setup.bash'
[0.642s] INFO:colcon.colcon_core.shell:Creating prefix chain script '/home/kwaii/zpm/install/setup.bash'
[0.644s] INFO:colcon.colcon_core.shell:Creating prefix script '/home/kwaii/zpm/install/local_setup.zsh'
[0.644s] INFO:colcon.colcon_core.shell:Creating prefix chain script '/home/kwaii/zpm/install/setup.zsh'
