[0.019s] Invoking command in '/home/kwaii/zpm/build/tuna': CMAKE_PREFIX_PATH=${CMAKE_PREFIX_PATH}:/opt/ros/humble /usr/bin/cmake --build /home/kwaii/zpm/build/tuna -- -j8 -l8
[0.052s] -- Found ament_cmake: 1.3.12 (/opt/ros/humble/share/ament_cmake/cmake)
[0.286s] -- Found ament_lint_auto: 0.12.14 (/opt/ros/humble/share/ament_lint_auto/cmake)
[0.387s] -- Added test 'cppcheck' to perform static code analysis on C / C++ code
[0.387s] -- Configured cppcheck include dirs: 
[0.387s] -- Configured cppcheck exclude dirs and/or files: 
[0.387s] -- Added test 'flake8' to check Python code syntax and style conventions
[0.388s] -- Added test 'lint_cmake' to check CMake code style
[0.388s] -- Added test 'pep257' to check Python code against some of the docstring style conventions in PEP 257
[0.391s] -- Added test 'uncrustify' to check C / C++ code style
[0.391s] -- Configured uncrustify additional arguments: 
[0.391s] -- Added test 'xmllint' to check XML markup files
[0.392s] -- Configuring done
[0.396s] -- Generating done
[0.400s] -- Build files have been written to: /home/kwaii/zpm/build/tuna
[0.458s] Invoked command in '/home/kwaii/zpm/build/tuna' returned '0': CMAKE_PREFIX_PATH=${CMAKE_PREFIX_PATH}:/opt/ros/humble /usr/bin/cmake --build /home/kwaii/zpm/build/tuna -- -j8 -l8
[0.475s] Invoking command in '/home/kwaii/zpm/build/tuna': CMAKE_PREFIX_PATH=${CMAKE_PREFIX_PATH}:/opt/ros/humble /usr/bin/cmake --install /home/kwaii/zpm/build/tuna
[0.488s] -- Install configuration: ""
[0.489s] -- Up-to-date: /home/kwaii/zpm/install/tuna/share/tuna/launch
[0.489s] -- Installing: /home/kwaii/zpm/install/tuna/share/tuna/launch/sim.launch.py
[0.490s] -- Up-to-date: /home/kwaii/zpm/install/tuna/share/tuna/launch/robot.launch.py
[0.491s] -- Up-to-date: /home/kwaii/zpm/install/tuna/share/tuna/urdf
[0.491s] -- Up-to-date: /home/kwaii/zpm/install/tuna/share/tuna/urdf/zpm_robot.urdf.xacro
[0.491s] -- Up-to-date: /home/kwaii/zpm/install/tuna/share/tuna/worlds
[0.491s] -- Up-to-date: /home/kwaii/zpm/install/tuna/share/tuna/worlds/simWorld.sdf
[0.491s] -- Up-to-date: /home/kwaii/zpm/install/tuna/share/ament_index/resource_index/package_run_dependencies/tuna
[0.491s] -- Up-to-date: /home/kwaii/zpm/install/tuna/share/ament_index/resource_index/parent_prefix_path/tuna
[0.491s] -- Up-to-date: /home/kwaii/zpm/install/tuna/share/tuna/environment/ament_prefix_path.sh
[0.491s] -- Installing: /home/kwaii/zpm/install/tuna/share/tuna/environment/ament_prefix_path.dsv
[0.491s] -- Up-to-date: /home/kwaii/zpm/install/tuna/share/tuna/environment/path.sh
[0.492s] -- Installing: /home/kwaii/zpm/install/tuna/share/tuna/environment/path.dsv
[0.492s] -- Up-to-date: /home/kwaii/zpm/install/tuna/share/tuna/local_setup.bash
[0.492s] -- Up-to-date: /home/kwaii/zpm/install/tuna/share/tuna/local_setup.sh
[0.492s] -- Up-to-date: /home/kwaii/zpm/install/tuna/share/tuna/local_setup.zsh
[0.492s] -- Installing: /home/kwaii/zpm/install/tuna/share/tuna/local_setup.dsv
[0.492s] -- Installing: /home/kwaii/zpm/install/tuna/share/tuna/package.dsv
[0.492s] -- Up-to-date: /home/kwaii/zpm/install/tuna/share/ament_index/resource_index/packages/tuna
[0.492s] -- Up-to-date: /home/kwaii/zpm/install/tuna/share/tuna/cmake/tunaConfig.cmake
[0.492s] -- Up-to-date: /home/kwaii/zpm/install/tuna/share/tuna/cmake/tunaConfig-version.cmake
[0.492s] -- Up-to-date: /home/kwaii/zpm/install/tuna/share/tuna/package.xml
[0.493s] Invoked command in '/home/kwaii/zpm/build/tuna' returned '0': CMAKE_PREFIX_PATH=${CMAKE_PREFIX_PATH}:/opt/ros/humble /usr/bin/cmake --install /home/kwaii/zpm/build/tuna
